2026-02-28 00:01:22.154 +07:00 [INF] () Starting VAH Backend...
2026-02-28 00:01:22.367 +07:00 [INF] () Using in-memory distributed cache (no Redis configured)
2026-02-28 00:01:23.612 +07:00 [ERR] (Microsoft.Extensions.Hosting.Internal.Host) Hosting failed to start
System.IO.IOException: Failed to bind to address http://127.0.0.1:5027: address already in use.
 ---> Microsoft.AspNetCore.Connections.AddressInUseException: Only one usage of each socket address (protocol/network address/port) is normally permitted.
 ---> System.Net.Sockets.SocketException (10048): Only one usage of each socket address (protocol/network address/port) is normally permitted.
   at System.Net.Sockets.Socket.UpdateStatusAfterSocketErrorAndThrowException(SocketError error, Boolean disconnectOnFailure, String callerName)
   at System.Net.Sockets.Socket.DoBind(EndPoint endPointSnapshot, SocketAddress socketAddress)
   at System.Net.Sockets.Socket.Bind(EndPoint localEP)
   at Microsoft.AspNetCore.Server.Kestrel.Transport.Sockets.SocketTransportOptions.CreateDefaultBoundListenSocket(EndPoint endpoint)
   at Microsoft.AspNetCore.Server.Kestrel.Transport.Sockets.SocketConnectionListener.Bind()
   --- End of inner exception stack trace ---
   at Microsoft.AspNetCore.Server.Kestrel.Transport.Sockets.SocketConnectionListener.Bind()
   at Microsoft.AspNetCore.Server.Kestrel.Transport.Sockets.SocketTransportFactory.BindAsync(EndPoint endpoint, CancellationToken cancellationToken)
   at Microsoft.AspNetCore.Server.Kestrel.Core.Internal.Infrastructure.TransportManager.BindAsync(EndPoint endPoint, ConnectionDelegate connectionDelegate, EndpointConfig endpointConfig, CancellationToken cancellationToken)
   at Microsoft.AspNetCore.Server.Kestrel.Core.KestrelServerImpl.<>c__DisplayClass28_0`1.<<StartAsync>g__OnBind|0>d.MoveNext()
--- End of stack trace from previous location ---
   at Microsoft.AspNetCore.Server.Kestrel.Core.Internal.AddressBinder.BindEndpointAsync(ListenOptions endpoint, AddressBindContext context, CancellationToken cancellationToken)
   --- End of inner exception stack trace ---
   at Microsoft.AspNetCore.Server.Kestrel.Core.Internal.AddressBinder.BindEndpointAsync(ListenOptions endpoint, AddressBindContext context, CancellationToken cancellationToken)
   at Microsoft.AspNetCore.Server.Kestrel.Core.LocalhostListenOptions.BindAsync(AddressBindContext context, CancellationToken cancellationToken)
   at Microsoft.AspNetCore.Server.Kestrel.Core.Internal.AddressBinder.AddressesStrategy.BindAsync(AddressBindContext context, CancellationToken cancellationToken)
   at Microsoft.AspNetCore.Server.Kestrel.Core.KestrelServerImpl.BindAsync(CancellationToken cancellationToken)
   at Microsoft.AspNetCore.Server.Kestrel.Core.KestrelServerImpl.StartAsync[TContext](IHttpApplication`1 application, CancellationToken cancellationToken)
   at Microsoft.AspNetCore.Hosting.GenericWebHostService.StartAsync(CancellationToken cancellationToken)
   at Microsoft.Extensions.Hosting.Internal.Host.<StartAsync>b__14_1(IHostedService service, CancellationToken token)
   at Microsoft.Extensions.Hosting.Internal.Host.ForeachService[T](IEnumerable`1 services, CancellationToken token, Boolean concurrent, Boolean abortOnFirstException, List`1 exceptions, Func`3 operation)
2026-02-28 00:01:23.635 +07:00 [FTL] () VAH Backend terminated unexpectedly
System.IO.IOException: Failed to bind to address http://127.0.0.1:5027: address already in use.
 ---> Microsoft.AspNetCore.Connections.AddressInUseException: Only one usage of each socket address (protocol/network address/port) is normally permitted.
 ---> System.Net.Sockets.SocketException (10048): Only one usage of each socket address (protocol/network address/port) is normally permitted.
   at System.Net.Sockets.Socket.UpdateStatusAfterSocketErrorAndThrowException(SocketError error, Boolean disconnectOnFailure, String callerName)
   at System.Net.Sockets.Socket.DoBind(EndPoint endPointSnapshot, SocketAddress socketAddress)
   at System.Net.Sockets.Socket.Bind(EndPoint localEP)
   at Microsoft.AspNetCore.Server.Kestrel.Transport.Sockets.SocketTransportOptions.CreateDefaultBoundListenSocket(EndPoint endpoint)
   at Microsoft.AspNetCore.Server.Kestrel.Transport.Sockets.SocketConnectionListener.Bind()
   --- End of inner exception stack trace ---
   at Microsoft.AspNetCore.Server.Kestrel.Transport.Sockets.SocketConnectionListener.Bind()
   at Microsoft.AspNetCore.Server.Kestrel.Transport.Sockets.SocketTransportFactory.BindAsync(EndPoint endpoint, CancellationToken cancellationToken)
   at Microsoft.AspNetCore.Server.Kestrel.Core.Internal.Infrastructure.TransportManager.BindAsync(EndPoint endPoint, ConnectionDelegate connectionDelegate, EndpointConfig endpointConfig, CancellationToken cancellationToken)
   at Microsoft.AspNetCore.Server.Kestrel.Core.KestrelServerImpl.<>c__DisplayClass28_0`1.<<StartAsync>g__OnBind|0>d.MoveNext()
--- End of stack trace from previous location ---
   at Microsoft.AspNetCore.Server.Kestrel.Core.Internal.AddressBinder.BindEndpointAsync(ListenOptions endpoint, AddressBindContext context, CancellationToken cancellationToken)
   --- End of inner exception stack trace ---
   at Microsoft.AspNetCore.Server.Kestrel.Core.Internal.AddressBinder.BindEndpointAsync(ListenOptions endpoint, AddressBindContext context, CancellationToken cancellationToken)
   at Microsoft.AspNetCore.Server.Kestrel.Core.LocalhostListenOptions.BindAsync(AddressBindContext context, CancellationToken cancellationToken)
   at Microsoft.AspNetCore.Server.Kestrel.Core.Internal.AddressBinder.AddressesStrategy.BindAsync(AddressBindContext context, CancellationToken cancellationToken)
   at Microsoft.AspNetCore.Server.Kestrel.Core.KestrelServerImpl.BindAsync(CancellationToken cancellationToken)
   at Microsoft.AspNetCore.Server.Kestrel.Core.KestrelServerImpl.StartAsync[TContext](IHttpApplication`1 application, CancellationToken cancellationToken)
   at Microsoft.AspNetCore.Hosting.GenericWebHostService.StartAsync(CancellationToken cancellationToken)
   at Microsoft.Extensions.Hosting.Internal.Host.<StartAsync>b__14_1(IHostedService service, CancellationToken token)
   at Microsoft.Extensions.Hosting.Internal.Host.ForeachService[T](IEnumerable`1 services, CancellationToken token, Boolean concurrent, Boolean abortOnFirstException, List`1 exceptions, Func`3 operation)
   at Microsoft.Extensions.Hosting.Internal.Host.StartAsync(CancellationToken cancellationToken)
   at Microsoft.Extensions.Hosting.HostingAbstractionsHostExtensions.RunAsync(IHost host, CancellationToken token)
   at Microsoft.Extensions.Hosting.HostingAbstractionsHostExtensions.RunAsync(IHost host, CancellationToken token)
   at Microsoft.Extensions.Hosting.HostingAbstractionsHostExtensions.Run(IHost host)
   at Program.<Main>$(String[] args) in B:\1A\VAH.Backend\Program.cs:line 100
2026-02-28 00:01:50.653 +07:00 [INF] (Microsoft.Hosting.Lifetime) Application is shutting down...
2026-02-28 00:02:07.685 +07:00 [INF] () Starting VAH Backend...
2026-02-28 00:02:07.916 +07:00 [INF] () Using in-memory distributed cache (no Redis configured)
2026-02-28 00:02:09.200 +07:00 [INF] (Microsoft.Hosting.Lifetime) Now listening on: http://localhost:5027
2026-02-28 00:02:09.206 +07:00 [INF] (Microsoft.Hosting.Lifetime) Application started. Press Ctrl+C to shut down.
2026-02-28 00:02:09.208 +07:00 [INF] (Microsoft.Hosting.Lifetime) Hosting environment: Development
2026-02-28 00:02:09.210 +07:00 [INF] (Microsoft.Hosting.Lifetime) Content root path: B:\1A\VAH.Backend
2026-02-28 00:06:25.845 +07:00 [INF] (Serilog.AspNetCore.RequestLoggingMiddleware) HTTP GET / responded 404 in 1266.161ms
2026-02-28 00:07:31.954 +07:00 [INF] () Starting VAH Backend...
2026-02-28 00:07:32.173 +07:00 [INF] () Using in-memory distributed cache (no Redis configured)
2026-02-28 00:07:33.460 +07:00 [INF] (Microsoft.Hosting.Lifetime) Now listening on: http://localhost:5027
2026-02-28 00:07:33.466 +07:00 [INF] (Microsoft.Hosting.Lifetime) Application started. Press Ctrl+C to shut down.
2026-02-28 00:07:33.468 +07:00 [INF] (Microsoft.Hosting.Lifetime) Hosting environment: Development
2026-02-28 00:07:33.470 +07:00 [INF] (Microsoft.Hosting.Lifetime) Content root path: B:\1A\VAH.Backend
2026-02-28 00:07:35.614 +07:00 [INF] (Serilog.AspNetCore.RequestLoggingMiddleware) HTTP GET / responded 404 in 52.097ms
2026-02-28 00:07:44.696 +07:00 [INF] (Serilog.AspNetCore.RequestLoggingMiddleware) HTTP GET /swagger/index.html responded 304 in 59.307ms
2026-02-28 00:07:44.745 +07:00 [INF] (Serilog.AspNetCore.RequestLoggingMiddleware) HTTP GET /swagger/index.js responded 304 in 0.930ms
2026-02-28 00:07:44.759 +07:00 [INF] (Serilog.AspNetCore.RequestLoggingMiddleware) HTTP GET /swagger/swagger-ui.css responded 304 in 14.500ms
2026-02-28 00:07:44.759 +07:00 [INF] (Serilog.AspNetCore.RequestLoggingMiddleware) HTTP GET /swagger/index.css responded 304 in 14.484ms
2026-02-28 00:07:44.759 +07:00 [INF] (Serilog.AspNetCore.RequestLoggingMiddleware) HTTP GET /swagger/swagger-ui-standalone-preset.js responded 304 in 14.044ms
2026-02-28 00:07:44.761 +07:00 [INF] (Serilog.AspNetCore.RequestLoggingMiddleware) HTTP GET /swagger/swagger-ui-bundle.js responded 304 in 16.299ms
2026-02-28 00:07:45.332 +07:00 [INF] (Serilog.AspNetCore.RequestLoggingMiddleware) HTTP GET /swagger/v1/swagger.json responded 200 in 172.595ms
2026-02-28 00:08:58.683 +07:00 [INF] (Serilog.AspNetCore.RequestLoggingMiddleware) HTTP POST /hubs/assets/negotiate responded 200 in 121.568ms
2026-02-28 00:08:58.683 +07:00 [INF] (Serilog.AspNetCore.RequestLoggingMiddleware) HTTP POST /hubs/assets/negotiate responded 200 in 120.936ms
2026-02-28 00:08:58.714 +07:00 [INF] (VAH.Backend.Hubs.AssetHub) SignalR: User 306883b5-2e60-4a40-b2b4-81ebac512207 connected (ConnectionId=3QxiP9qmsX3D1OedFYEJPg)
2026-02-28 00:08:58.717 +07:00 [INF] (VAH.Backend.Hubs.AssetHub) SignalR: User 306883b5-2e60-4a40-b2b4-81ebac512207 connected (ConnectionId=0POAP0KPXFtPSEOOF5OB9w)
2026-02-28 00:08:59.022 +07:00 [INF] (Serilog.AspNetCore.RequestLoggingMiddleware) HTTP GET /api/SmartCollections responded 200 in 458.931ms
2026-02-28 00:08:59.022 +07:00 [INF] (Serilog.AspNetCore.RequestLoggingMiddleware) HTTP GET /api/Tags responded 200 in 458.646ms
2026-02-28 00:08:59.029 +07:00 [INF] (Serilog.AspNetCore.RequestLoggingMiddleware) HTTP GET /api/Collections responded 200 in 467.113ms
2026-02-28 00:08:59.030 +07:00 [INF] (Serilog.AspNetCore.RequestLoggingMiddleware) HTTP GET /api/Tags responded 200 in 7.240ms
2026-02-28 00:08:59.034 +07:00 [INF] (Serilog.AspNetCore.RequestLoggingMiddleware) HTTP GET /api/SmartCollections responded 200 in 11.508ms
2026-02-28 00:08:59.040 +07:00 [INF] (Serilog.AspNetCore.RequestLoggingMiddleware) HTTP GET /api/Collections responded 200 in 10.422ms
2026-02-28 00:09:04.048 +07:00 [INF] (VAH.Backend.Hubs.AssetHub) SignalR: User 306883b5-2e60-4a40-b2b4-81ebac512207 disconnected
2026-02-28 00:09:04.052 +07:00 [WRN] (Serilog.AspNetCore.RequestLoggingMiddleware) HTTP GET /hubs/assets responded 101 in 5338.509ms
2026-02-28 00:09:08.012 +07:00 [INF] (VAH.Backend.Services.AuthService) User logged in: vanthang48692109@gmail.com
2026-02-28 00:09:08.024 +07:00 [INF] (Serilog.AspNetCore.RequestLoggingMiddleware) HTTP POST /api/Auth/login responded 200 in 233.956ms
2026-02-28 00:09:08.062 +07:00 [INF] (Serilog.AspNetCore.RequestLoggingMiddleware) HTTP POST /hubs/assets/negotiate responded 200 in 1.723ms
2026-02-28 00:09:08.062 +07:00 [INF] (Serilog.AspNetCore.RequestLoggingMiddleware) HTTP POST /hubs/assets/negotiate responded 200 in 1.593ms
2026-02-28 00:09:08.066 +07:00 [INF] (Serilog.AspNetCore.RequestLoggingMiddleware) HTTP GET /api/Tags responded 200 in 4.677ms
2026-02-28 00:09:08.068 +07:00 [INF] (VAH.Backend.Hubs.AssetHub) SignalR: User 306883b5-2e60-4a40-b2b4-81ebac512207 connected (ConnectionId=72nBUfNadYzP8Xpw26TDUA)
2026-02-28 00:09:08.069 +07:00 [INF] (Serilog.AspNetCore.RequestLoggingMiddleware) HTTP GET /api/SmartCollections responded 200 in 8.208ms
2026-02-28 00:09:08.069 +07:00 [INF] (Serilog.AspNetCore.RequestLoggingMiddleware) HTTP GET /api/Tags responded 200 in 2.238ms
2026-02-28 00:09:08.071 +07:00 [INF] (Serilog.AspNetCore.RequestLoggingMiddleware) HTTP GET /api/Collections responded 200 in 11.195ms
2026-02-28 00:09:08.074 +07:00 [INF] (Serilog.AspNetCore.RequestLoggingMiddleware) HTTP GET /api/Collections responded 200 in 1.541ms
2026-02-28 00:09:08.075 +07:00 [INF] (Serilog.AspNetCore.RequestLoggingMiddleware) HTTP GET /api/SmartCollections responded 200 in 5.283ms
2026-02-28 00:09:08.090 +07:00 [INF] (VAH.Backend.Hubs.AssetHub) SignalR: User 306883b5-2e60-4a40-b2b4-81ebac512207 connected (ConnectionId=CRpinzW9-k0cN6FhW1454w)
2026-02-28 00:09:09.654 +07:00 [INF] (Serilog.AspNetCore.RequestLoggingMiddleware) HTTP GET /api/Collections/1/items responded 200 in 147.433ms
2026-02-28 00:09:50.487 +07:00 [INF] (Serilog.AspNetCore.RequestLoggingMiddleware) HTTP GET /api/Collections/1/items responded 200 in 8.481ms
2026-02-28 00:09:50.898 +07:00 [INF] (Serilog.AspNetCore.RequestLoggingMiddleware) HTTP GET /api/Collections/1/items responded 200 in 5.235ms
2026-02-28 00:10:04.945 +07:00 [INF] (Serilog.AspNetCore.RequestLoggingMiddleware) HTTP GET /api/Collections/2/items responded 200 in 14.890ms
2026-02-28 00:10:05.804 +07:00 [INF] (Serilog.AspNetCore.RequestLoggingMiddleware) HTTP GET /api/Collections/3/items responded 200 in 25.531ms
2026-02-28 00:10:21.351 +07:00 [INF] (Serilog.AspNetCore.RequestLoggingMiddleware) HTTP GET /api/Collections/2/items responded 200 in 3.866ms
2026-02-28 00:10:21.648 +07:00 [INF] (Serilog.AspNetCore.RequestLoggingMiddleware) HTTP GET /api/Collections/3/items responded 200 in 3.570ms
2026-02-28 00:10:43.686 +07:00 [INF] (Serilog.AspNetCore.RequestLoggingMiddleware) HTTP GET /api/Collections/1/items responded 200 in 4.150ms
2026-02-28 00:10:46.972 +07:00 [INF] (Serilog.AspNetCore.RequestLoggingMiddleware) HTTP GET /api/Collections/2/items responded 200 in 3.314ms
2026-02-28 00:10:47.377 +07:00 [INF] (Serilog.AspNetCore.RequestLoggingMiddleware) HTTP GET /api/Collections/1/items responded 200 in 3.744ms
2026-02-28 00:11:13.248 +07:00 [INF] (Serilog.AspNetCore.RequestLoggingMiddleware) HTTP GET /api/Collections/2/items responded 200 in 4.054ms
2026-02-28 00:11:39.418 +07:00 [INF] (Serilog.AspNetCore.RequestLoggingMiddleware) HTTP GET /api/Collections/3/items responded 200 in 4.269ms
2026-02-28 00:27:16.711 +07:00 [INF] () Starting VAH Backend...
2026-02-28 00:27:16.981 +07:00 [INF] () Using in-memory distributed cache (no Redis configured)
2026-02-28 00:27:18.375 +07:00 [INF] (Microsoft.Hosting.Lifetime) Now listening on: http://localhost:5027
2026-02-28 00:27:18.382 +07:00 [INF] (Microsoft.Hosting.Lifetime) Application started. Press Ctrl+C to shut down.
2026-02-28 00:27:18.386 +07:00 [INF] (Microsoft.Hosting.Lifetime) Hosting environment: Development
2026-02-28 00:27:18.388 +07:00 [INF] (Microsoft.Hosting.Lifetime) Content root path: B:\1A\VAH.Backend
2026-02-28 00:27:58.949 +07:00 [INF] (Serilog.AspNetCore.RequestLoggingMiddleware) HTTP POST /hubs/assets/negotiate responded 200 in 130.840ms
2026-02-28 00:27:58.949 +07:00 [INF] (Serilog.AspNetCore.RequestLoggingMiddleware) HTTP POST /hubs/assets/negotiate responded 200 in 130.836ms
2026-02-28 00:27:58.985 +07:00 [INF] (VAH.Backend.Hubs.AssetHub) SignalR: User 306883b5-2e60-4a40-b2b4-81ebac512207 connected (ConnectionId=LLHuDUctOpYV5X1kzJeXnQ)
2026-02-28 00:27:58.989 +07:00 [INF] (VAH.Backend.Hubs.AssetHub) SignalR: User 306883b5-2e60-4a40-b2b4-81ebac512207 connected (ConnectionId=PJddqlFuabJzGZBvaEMmhQ)
2026-02-28 00:27:59.282 +07:00 [INF] (Serilog.AspNetCore.RequestLoggingMiddleware) HTTP GET /api/Tags responded 200 in 466.648ms
2026-02-28 00:27:59.282 +07:00 [INF] (Serilog.AspNetCore.RequestLoggingMiddleware) HTTP GET /api/SmartCollections responded 200 in 464.639ms
2026-02-28 00:27:59.290 +07:00 [INF] (Serilog.AspNetCore.RequestLoggingMiddleware) HTTP GET /api/Tags responded 200 in 6.066ms
2026-02-28 00:27:59.293 +07:00 [INF] (Serilog.AspNetCore.RequestLoggingMiddleware) HTTP GET /api/SmartCollections responded 200 in 9.781ms
2026-02-28 00:27:59.308 +07:00 [INF] (Serilog.AspNetCore.RequestLoggingMiddleware) HTTP GET /api/Collections responded 200 in 492.472ms
2026-02-28 00:27:59.320 +07:00 [INF] (Serilog.AspNetCore.RequestLoggingMiddleware) HTTP GET /api/Collections responded 200 in 10.845ms
2026-02-28 00:28:21.826 +07:00 [INF] (Serilog.AspNetCore.RequestLoggingMiddleware) HTTP GET /api/Collections/1/items responded 200 in 212.179ms
2026-02-28 00:28:21.877 +07:00 [INF] (Serilog.AspNetCore.RequestLoggingMiddleware) HTTP GET /uploads/1cd36e4c-a137-46bd-aebb-3c1c92d83c1f.jpg responded 304 in 22.069ms
2026-02-28 00:28:23.613 +07:00 [INF] (Serilog.AspNetCore.RequestLoggingMiddleware) HTTP GET /api/Collections/1/items responded 200 in 10.998ms
2026-02-28 00:28:24.557 +07:00 [INF] (Serilog.AspNetCore.RequestLoggingMiddleware) HTTP GET /api/Collections/1/items responded 200 in 4.399ms
2026-02-28 00:28:24.591 +07:00 [INF] (Serilog.AspNetCore.RequestLoggingMiddleware) HTTP GET /uploads/2823d434-5af8-41c4-b156-9ae9136222fe.jpg responded 304 in 0.355ms
2026-02-28 00:28:24.591 +07:00 [INF] (Serilog.AspNetCore.RequestLoggingMiddleware) HTTP GET /uploads/777b9fca-b7d3-4d85-a970-36a5d5f43444.jpg responded 304 in 0.356ms
2026-02-28 00:28:26.391 +07:00 [INF] (Serilog.AspNetCore.RequestLoggingMiddleware) HTTP GET /api/Collections/2/items responded 200 in 14.726ms
2026-02-28 00:28:26.448 +07:00 [INF] (Serilog.AspNetCore.RequestLoggingMiddleware) HTTP GET /uploads/f9cfe617-2881-4de9-9dad-fc2293731de0.jpg responded 200 in 29.149ms
2026-02-28 00:28:26.818 +07:00 [INF] (Serilog.AspNetCore.RequestLoggingMiddleware) HTTP GET /api/Collections/3/items responded 200 in 25.498ms
2026-02-28 00:28:43.011 +07:00 [INF] (Serilog.AspNetCore.RequestLoggingMiddleware) HTTP GET /uploads/be3e5d2f-1633-4e44-a17a-e07e094b22e8.jpg responded 200 in 1.065ms
2026-02-28 00:28:43.017 +07:00 [INF] (Serilog.AspNetCore.RequestLoggingMiddleware) HTTP GET /api/Collections/1/items responded 200 in 5.105ms
2026-02-28 00:28:48.215 +07:00 [INF] (Serilog.AspNetCore.RequestLoggingMiddleware) HTTP GET /api/Collections/2/items responded 200 in 3.887ms
2026-02-28 00:28:48.884 +07:00 [INF] (Serilog.AspNetCore.RequestLoggingMiddleware) HTTP GET /api/Collections/3/items responded 200 in 4.797ms
2026-02-28 00:28:49.775 +07:00 [INF] (Serilog.AspNetCore.RequestLoggingMiddleware) HTTP GET /api/Collections/2/items responded 200 in 3.887ms
2026-02-28 00:29:09.704 +07:00 [INF] (Serilog.AspNetCore.RequestLoggingMiddleware) HTTP POST /api/Assets/create-link responded 200 in 161.537ms
2026-02-28 00:29:09.729 +07:00 [INF] (Serilog.AspNetCore.RequestLoggingMiddleware) HTTP GET /api/Collections/2/items responded 200 in 14.554ms
2026-02-28 00:29:37.993 +07:00 [INF] (Serilog.AspNetCore.RequestLoggingMiddleware) HTTP GET /api/Collections/3/items responded 200 in 3.626ms
2026-02-28 00:29:39.392 +07:00 [INF] (Serilog.AspNetCore.RequestLoggingMiddleware) HTTP GET /api/Collections/2/items responded 200 in 3.207ms
2026-02-28 00:29:39.673 +07:00 [INF] (Serilog.AspNetCore.RequestLoggingMiddleware) HTTP GET /api/Collections/1/items responded 200 in 4.136ms
2026-02-28 00:29:40.078 +07:00 [INF] (Serilog.AspNetCore.RequestLoggingMiddleware) HTTP GET /api/Collections/2/items responded 200 in 3.931ms
2026-02-28 00:29:40.462 +07:00 [INF] (Serilog.AspNetCore.RequestLoggingMiddleware) HTTP GET /api/Collections/3/items responded 200 in 3.920ms
2026-02-28 00:29:40.934 +07:00 [INF] (Serilog.AspNetCore.RequestLoggingMiddleware) HTTP GET /api/Collections/2/items responded 200 in 3.570ms
2026-02-28 00:29:41.397 +07:00 [INF] (Serilog.AspNetCore.RequestLoggingMiddleware) HTTP GET /api/Collections/3/items responded 200 in 4.499ms
2026-02-28 00:29:41.744 +07:00 [INF] (Serilog.AspNetCore.RequestLoggingMiddleware) HTTP GET /api/Collections/2/items responded 200 in 3.314ms
2026-02-28 00:30:30.357 +07:00 [INF] (VAH.Backend.Services.LocalStorageService) File deleted: /uploads/f9cfe617-2881-4de9-9dad-fc2293731de0.jpg
2026-02-28 00:30:30.360 +07:00 [INF] (VAH.Backend.Services.LocalStorageService) File deleted: /uploads/thumbs/sm_f9cfe617-2881-4de9-9dad-fc2293731de0.webp
2026-02-28 00:30:30.364 +07:00 [INF] (VAH.Backend.Services.LocalStorageService) File deleted: /uploads/thumbs/md_f9cfe617-2881-4de9-9dad-fc2293731de0.webp
2026-02-28 00:30:30.367 +07:00 [INF] (VAH.Backend.Services.LocalStorageService) File deleted: /uploads/thumbs/lg_f9cfe617-2881-4de9-9dad-fc2293731de0.webp
2026-02-28 00:30:30.401 +07:00 [INF] (VAH.Backend.Services.AssetService) Bulk deleted 3 assets for user 306883b5-2e60-4a40-b2b4-81ebac512207
2026-02-28 00:30:30.417 +07:00 [INF] (Serilog.AspNetCore.RequestLoggingMiddleware) HTTP POST /api/Assets/bulk-delete responded 200 in 119.416ms
2026-02-28 00:30:30.430 +07:00 [INF] (Serilog.AspNetCore.RequestLoggingMiddleware) HTTP GET /api/Collections/2/items responded 200 in 4.320ms
2026-02-28 00:30:30.435 +07:00 [INF] (Serilog.AspNetCore.RequestLoggingMiddleware) HTTP GET /api/Collections/2/items responded 200 in 4.441ms
2026-02-28 00:30:30.444 +07:00 [INF] (Serilog.AspNetCore.RequestLoggingMiddleware) HTTP GET /api/Collections/2/items responded 200 in 4.699ms
2026-02-28 00:30:31.243 +07:00 [INF] (Serilog.AspNetCore.RequestLoggingMiddleware) HTTP GET /api/Collections/3/items responded 200 in 4.303ms
2026-02-28 00:30:50.366 +07:00 [INF] (Serilog.AspNetCore.RequestLoggingMiddleware) HTTP GET /api/Collections/1/items responded 200 in 3.011ms
2026-02-28 00:30:51.957 +07:00 [INF] (Serilog.AspNetCore.RequestLoggingMiddleware) HTTP GET /api/Collections/1/items responded 200 in 2.471ms
2026-02-28 00:30:53.492 +07:00 [INF] (Serilog.AspNetCore.RequestLoggingMiddleware) HTTP GET /api/Collections/1/items responded 200 in 2.288ms
2026-02-28 00:30:56.363 +07:00 [INF] (Serilog.AspNetCore.RequestLoggingMiddleware) HTTP GET /api/Collections/1/items responded 200 in 2.784ms
2026-02-28 00:30:58.499 +07:00 [INF] (Serilog.AspNetCore.RequestLoggingMiddleware) HTTP GET /api/Collections/1/items responded 200 in 2.691ms
2026-02-28 00:31:04.037 +07:00 [INF] (VAH.Backend.Services.LocalStorageService) File deleted: /uploads/1cd36e4c-a137-46bd-aebb-3c1c92d83c1f.jpg
2026-02-28 00:31:04.052 +07:00 [INF] (VAH.Backend.Services.AssetService) Bulk deleted 1 assets for user 306883b5-2e60-4a40-b2b4-81ebac512207
2026-02-28 00:31:04.055 +07:00 [INF] (Serilog.AspNetCore.RequestLoggingMiddleware) HTTP POST /api/Assets/bulk-delete responded 200 in 25.021ms
2026-02-28 00:31:04.067 +07:00 [INF] (Serilog.AspNetCore.RequestLoggingMiddleware) HTTP GET /api/Collections/1/items responded 200 in 3.639ms
2026-02-28 00:31:04.075 +07:00 [INF] (Serilog.AspNetCore.RequestLoggingMiddleware) HTTP GET /api/Collections/1/items responded 200 in 5.281ms
2026-02-28 00:31:04.082 +07:00 [INF] (Serilog.AspNetCore.RequestLoggingMiddleware) HTTP GET /api/Collections/1/items responded 200 in 5.615ms
2026-02-28 00:31:15.281 +07:00 [INF] (Serilog.AspNetCore.RequestLoggingMiddleware) HTTP GET /api/Collections/1/items responded 200 in 4.977ms
2026-02-28 00:31:15.685 +07:00 [INF] (Serilog.AspNetCore.RequestLoggingMiddleware) HTTP GET /api/Collections/1/items responded 200 in 3.519ms
2026-02-28 00:31:33.799 +07:00 [INF] (VAH.Backend.Services.AssetService) Bulk moved 2 assets for user 306883b5-2e60-4a40-b2b4-81ebac512207
2026-02-28 00:31:33.806 +07:00 [INF] (Serilog.AspNetCore.RequestLoggingMiddleware) HTTP POST /api/Assets/bulk-move responded 200 in 36.672ms
2026-02-28 00:31:33.817 +07:00 [INF] (Serilog.AspNetCore.RequestLoggingMiddleware) HTTP GET /api/Collections/1/items responded 200 in 2.738ms
2026-02-28 00:31:33.821 +07:00 [INF] (Serilog.AspNetCore.RequestLoggingMiddleware) HTTP GET /api/Collections/1/items responded 200 in 3.410ms
2026-02-28 00:31:33.835 +07:00 [INF] (Serilog.AspNetCore.RequestLoggingMiddleware) HTTP GET /api/Collections/1/items responded 200 in 4.044ms
2026-02-28 00:31:35.600 +07:00 [INF] (Serilog.AspNetCore.RequestLoggingMiddleware) HTTP GET /api/Collections/1/items responded 200 in 2.868ms
2026-02-28 00:31:36.945 +07:00 [INF] (Serilog.AspNetCore.RequestLoggingMiddleware) HTTP GET /api/Collections/1/items responded 200 in 2.616ms
2026-02-28 00:31:38.020 +07:00 [INF] (Serilog.AspNetCore.RequestLoggingMiddleware) HTTP GET /api/Collections/1/items responded 200 in 2.078ms
2026-02-28 00:31:38.384 +07:00 [INF] (Serilog.AspNetCore.RequestLoggingMiddleware) HTTP GET /api/Collections/1/items responded 200 in 2.171ms
2026-02-28 00:31:42.548 +07:00 [INF] (VAH.Backend.Services.AssetService) Bulk moved 2 assets for user 306883b5-2e60-4a40-b2b4-81ebac512207
2026-02-28 00:31:42.551 +07:00 [INF] (Serilog.AspNetCore.RequestLoggingMiddleware) HTTP POST /api/Assets/bulk-move responded 200 in 5.238ms
2026-02-28 00:31:42.564 +07:00 [INF] (Serilog.AspNetCore.RequestLoggingMiddleware) HTTP GET /api/Collections/1/items responded 200 in 2.925ms
2026-02-28 00:31:42.567 +07:00 [INF] (Serilog.AspNetCore.RequestLoggingMiddleware) HTTP GET /api/Collections/1/items responded 200 in 2.460ms
2026-02-28 00:31:42.579 +07:00 [INF] (Serilog.AspNetCore.RequestLoggingMiddleware) HTTP GET /api/Collections/1/items responded 200 in 3.438ms
2026-02-28 00:31:43.770 +07:00 [INF] (Serilog.AspNetCore.RequestLoggingMiddleware) HTTP GET /api/Collections/1/items responded 200 in 2.605ms
2026-02-28 00:31:44.826 +07:00 [INF] (Serilog.AspNetCore.RequestLoggingMiddleware) HTTP GET /api/Collections/1/items responded 200 in 2.584ms
2026-02-28 00:31:45.323 +07:00 [INF] (Serilog.AspNetCore.RequestLoggingMiddleware) HTTP GET /api/Collections/1/items responded 200 in 2.183ms
2026-02-28 00:31:46.503 +07:00 [INF] (Serilog.AspNetCore.RequestLoggingMiddleware) HTTP GET /api/Collections/1/items responded 200 in 3.214ms
2026-02-28 00:31:47.101 +07:00 [INF] (Serilog.AspNetCore.RequestLoggingMiddleware) HTTP GET /api/Collections/1/items responded 200 in 2.349ms
2026-02-28 00:31:47.728 +07:00 [INF] (Serilog.AspNetCore.RequestLoggingMiddleware) HTTP GET /api/Collections/1/items responded 200 in 2.620ms
2026-02-28 00:32:11.830 +07:00 [INF] (Serilog.AspNetCore.RequestLoggingMiddleware) HTTP GET /api/Collections/2/items responded 200 in 2.294ms
2026-02-28 00:32:12.345 +07:00 [INF] (Serilog.AspNetCore.RequestLoggingMiddleware) HTTP GET /api/Collections/3/items responded 200 in 2.957ms
2026-02-28 00:32:13.820 +07:00 [INF] (Serilog.AspNetCore.RequestLoggingMiddleware) HTTP GET /uploads/be3e5d2f-1633-4e44-a17a-e07e094b22e8.jpg responded 304 in 0.256ms
2026-02-28 00:32:13.825 +07:00 [INF] (Serilog.AspNetCore.RequestLoggingMiddleware) HTTP GET /api/Collections/1/items responded 200 in 3.167ms
2026-02-28 00:32:14.765 +07:00 [INF] (Serilog.AspNetCore.RequestLoggingMiddleware) HTTP GET /api/Collections/1/items responded 200 in 2.303ms
2026-02-28 00:32:15.408 +07:00 [INF] (Serilog.AspNetCore.RequestLoggingMiddleware) HTTP GET /api/Collections/1/items responded 200 in 2.459ms
2026-02-28 00:32:28.608 +07:00 [INF] (VAH.Backend.Hubs.AssetHub) SignalR: User 306883b5-2e60-4a40-b2b4-81ebac512207 disconnected
2026-02-28 00:32:28.612 +07:00 [WRN] (Serilog.AspNetCore.RequestLoggingMiddleware) HTTP GET /hubs/assets responded 101 in 269628.366ms
2026-02-28 00:32:32.418 +07:00 [INF] (VAH.Backend.Services.AuthService) User logged in: vanthang48692109@gmail.com
2026-02-28 00:32:32.433 +07:00 [INF] (Serilog.AspNetCore.RequestLoggingMiddleware) HTTP POST /api/Auth/login responded 200 in 177.294ms
2026-02-28 00:32:32.484 +07:00 [INF] (Serilog.AspNetCore.RequestLoggingMiddleware) HTTP POST /hubs/assets/negotiate responded 200 in 0.917ms
2026-02-28 00:32:32.485 +07:00 [INF] (Serilog.AspNetCore.RequestLoggingMiddleware) HTTP POST /hubs/assets/negotiate responded 200 in 0.254ms
2026-02-28 00:32:32.488 +07:00 [INF] (Serilog.AspNetCore.RequestLoggingMiddleware) HTTP GET /api/Tags responded 200 in 2.451ms
2026-02-28 00:32:32.488 +07:00 [INF] (Serilog.AspNetCore.RequestLoggingMiddleware) HTTP GET /api/Collections responded 200 in 4.110ms
2026-02-28 00:32:32.490 +07:00 [INF] (Serilog.AspNetCore.RequestLoggingMiddleware) HTTP GET /api/SmartCollections responded 200 in 4.131ms
2026-02-28 00:32:32.490 +07:00 [INF] (Serilog.AspNetCore.RequestLoggingMiddleware) HTTP GET /api/Tags responded 200 in 1.414ms
2026-02-28 00:32:32.491 +07:00 [INF] (Serilog.AspNetCore.RequestLoggingMiddleware) HTTP GET /api/Collections responded 200 in 1.029ms
2026-02-28 00:32:32.495 +07:00 [INF] (Serilog.AspNetCore.RequestLoggingMiddleware) HTTP GET /api/SmartCollections responded 200 in 3.025ms
2026-02-28 00:32:32.497 +07:00 [INF] (VAH.Backend.Hubs.AssetHub) SignalR: User 306883b5-2e60-4a40-b2b4-81ebac512207 connected (ConnectionId=sp7HzuHzNrkonQr3Ka37CQ)
2026-02-28 00:32:32.532 +07:00 [INF] (VAH.Backend.Hubs.AssetHub) SignalR: User 306883b5-2e60-4a40-b2b4-81ebac512207 connected (ConnectionId=ei33gFGRJAsJbWWyLoOvHg)
2026-02-28 00:32:33.453 +07:00 [INF] (Serilog.AspNetCore.RequestLoggingMiddleware) HTTP GET /api/Collections/1/items responded 200 in 3.058ms
2026-02-28 00:32:33.997 +07:00 [INF] (Serilog.AspNetCore.RequestLoggingMiddleware) HTTP GET /api/Collections/1/items responded 200 in 2.238ms
2026-02-28 00:32:34.717 +07:00 [INF] (Serilog.AspNetCore.RequestLoggingMiddleware) HTTP GET /api/Collections/1/items responded 200 in 2.217ms
2026-02-28 00:32:44.413 +07:00 [INF] (VAH.Backend.Services.LocalStorageService) File deleted: /uploads/777b9fca-b7d3-4d85-a970-36a5d5f43444.jpg
2026-02-28 00:32:44.415 +07:00 [INF] (VAH.Backend.Services.LocalStorageService) File deleted: /uploads/2823d434-5af8-41c4-b156-9ae9136222fe.jpg
2026-02-28 00:32:44.432 +07:00 [INF] (VAH.Backend.Services.AssetService) Bulk deleted 2 assets for user 306883b5-2e60-4a40-b2b4-81ebac512207
2026-02-28 00:32:44.435 +07:00 [INF] (Serilog.AspNetCore.RequestLoggingMiddleware) HTTP POST /api/Assets/bulk-delete responded 200 in 26.406ms
2026-02-28 00:32:44.448 +07:00 [INF] (Serilog.AspNetCore.RequestLoggingMiddleware) HTTP GET /api/Collections/1/items responded 200 in 1.745ms
2026-02-28 00:32:44.452 +07:00 [INF] (Serilog.AspNetCore.RequestLoggingMiddleware) HTTP GET /api/Collections/1/items responded 200 in 3.503ms
2026-02-28 00:32:44.455 +07:00 [INF] (Serilog.AspNetCore.RequestLoggingMiddleware) HTTP GET /api/Collections/1/items responded 200 in 2.211ms
2026-02-28 00:32:44.465 +07:00 [INF] (Serilog.AspNetCore.RequestLoggingMiddleware) HTTP GET /api/Collections/1/items responded 200 in 3.234ms
2026-02-28 00:32:45.945 +07:00 [INF] (Serilog.AspNetCore.RequestLoggingMiddleware) HTTP GET /api/Collections/1/items responded 200 in 2.781ms
2026-02-28 00:32:48.713 +07:00 [INF] (Serilog.AspNetCore.RequestLoggingMiddleware) HTTP GET /api/Collections/1/items responded 200 in 1.803ms
2026-02-28 00:32:49.965 +07:00 [INF] (Serilog.AspNetCore.RequestLoggingMiddleware) HTTP GET /api/Collections/1/items responded 200 in 2.175ms
2026-02-28 00:32:50.550 +07:00 [INF] (Serilog.AspNetCore.RequestLoggingMiddleware) HTTP GET /api/Collections/1/items responded 200 in 1.510ms
2026-02-28 00:32:50.619 +07:00 [INF] (Serilog.AspNetCore.RequestLoggingMiddleware) HTTP GET /api/Collections/1/items responded 200 in 2.807ms
2026-02-28 00:32:51.176 +07:00 [INF] (Serilog.AspNetCore.RequestLoggingMiddleware) HTTP GET /api/Collections/1/items responded 200 in 1.838ms
2026-02-28 00:32:51.951 +07:00 [INF] (Serilog.AspNetCore.RequestLoggingMiddleware) HTTP GET /api/Collections/1/items responded 200 in 3.269ms
2026-02-28 00:32:55.604 +07:00 [INF] (Serilog.AspNetCore.RequestLoggingMiddleware) HTTP GET /api/Collections/2/items responded 200 in 2.074ms
2026-02-28 00:32:56.134 +07:00 [INF] (Serilog.AspNetCore.RequestLoggingMiddleware) HTTP GET /api/Collections/1/items responded 200 in 2.730ms
2026-02-28 00:32:57.528 +07:00 [INF] (Serilog.AspNetCore.RequestLoggingMiddleware) HTTP GET /api/Collections/3/items responded 200 in 2.660ms
2026-02-28 00:35:05.246 +07:00 [INF] (Serilog.AspNetCore.RequestLoggingMiddleware) HTTP GET /api/Collections/2/items responded 200 in 2.384ms
2026-02-28 00:35:13.093 +07:00 [INF] (Serilog.AspNetCore.RequestLoggingMiddleware) HTTP POST /api/Assets/create-link responded 200 in 23.800ms
2026-02-28 00:35:13.108 +07:00 [INF] (Serilog.AspNetCore.RequestLoggingMiddleware) HTTP GET /api/Collections/2/items responded 200 in 3.962ms
2026-02-28 00:37:45.931 +07:00 [INF] (VAH.Backend.Hubs.AssetHub) SignalR: User 306883b5-2e60-4a40-b2b4-81ebac512207 disconnected
2026-02-28 00:37:45.933 +07:00 [WRN] (Serilog.AspNetCore.RequestLoggingMiddleware) HTTP GET /hubs/assets responded 101 in 313425.690ms
2026-02-28 00:38:12.909 +07:00 [INF] (Serilog.AspNetCore.RequestLoggingMiddleware) HTTP POST /hubs/assets/negotiate responded 200 in 2.734ms
2026-02-28 00:38:12.916 +07:00 [INF] (Serilog.AspNetCore.RequestLoggingMiddleware) HTTP GET /api/Tags responded 200 in 3.129ms
2026-02-28 00:38:12.917 +07:00 [INF] (Serilog.AspNetCore.RequestLoggingMiddleware) HTTP GET /api/Collections responded 200 in 6.170ms
2026-02-28 00:38:12.920 +07:00 [INF] (Serilog.AspNetCore.RequestLoggingMiddleware) HTTP GET /api/SmartCollections responded 200 in 7.267ms
2026-02-28 00:38:12.967 +07:00 [INF] (VAH.Backend.Hubs.AssetHub) SignalR: User 306883b5-2e60-4a40-b2b4-81ebac512207 connected (ConnectionId=OuhKXIgJzrsImTnMF5i10w)
2026-02-28 00:38:13.001 +07:00 [INF] (Serilog.AspNetCore.RequestLoggingMiddleware) HTTP GET /api/Collections/2/items responded 200 in 2.312ms
2026-02-28 00:40:36.907 +07:00 [INF] (VAH.Backend.Hubs.AssetHub) SignalR: User 306883b5-2e60-4a40-b2b4-81ebac512207 disconnected
2026-02-28 00:40:36.909 +07:00 [WRN] (Serilog.AspNetCore.RequestLoggingMiddleware) HTTP GET /hubs/assets responded 101 in 143975.255ms
2026-02-28 00:40:36.921 +07:00 [INF] (Serilog.AspNetCore.RequestLoggingMiddleware) HTTP GET /api/Collections/2/items responded 200 in 5.141ms
2026-02-28 00:40:36.922 +07:00 [INF] (Serilog.AspNetCore.RequestLoggingMiddleware) HTTP GET /api/Tags responded 200 in 5.956ms
2026-02-28 00:40:36.924 +07:00 [INF] (Serilog.AspNetCore.RequestLoggingMiddleware) HTTP GET /api/SmartCollections responded 200 in 7.854ms
2026-02-28 00:44:08.595 +07:00 [INF] (VAH.Backend.Hubs.AssetHub) SignalR: User 306883b5-2e60-4a40-b2b4-81ebac512207 disconnected
2026-02-28 00:44:08.596 +07:00 [INF] (VAH.Backend.Hubs.AssetHub) SignalR: User 306883b5-2e60-4a40-b2b4-81ebac512207 disconnected
2026-02-28 00:44:08.598 +07:00 [WRN] (Serilog.AspNetCore.RequestLoggingMiddleware) HTTP GET /hubs/assets responded 101 in 969643.069ms
2026-02-28 00:44:08.600 +07:00 [WRN] (Serilog.AspNetCore.RequestLoggingMiddleware) HTTP GET /hubs/assets responded 101 in 696106.146ms
2026-02-28 00:44:09.309 +07:00 [INF] (Serilog.AspNetCore.RequestLoggingMiddleware) HTTP POST /hubs/assets/negotiate responded 200 in 0.617ms
2026-02-28 00:44:09.310 +07:00 [INF] (Serilog.AspNetCore.RequestLoggingMiddleware) HTTP POST /hubs/assets/negotiate responded 200 in 0.521ms
2026-02-28 00:44:09.326 +07:00 [INF] (Serilog.AspNetCore.RequestLoggingMiddleware) HTTP GET /api/Collections responded 200 in 4.746ms
2026-02-28 00:44:09.339 +07:00 [INF] (Serilog.AspNetCore.RequestLoggingMiddleware) HTTP GET /api/SmartCollections responded 200 in 5.513ms
2026-02-28 00:44:09.339 +07:00 [INF] (Serilog.AspNetCore.RequestLoggingMiddleware) HTTP GET /api/Tags responded 200 in 5.671ms
2026-02-28 00:44:09.386 +07:00 [INF] (VAH.Backend.Hubs.AssetHub) SignalR: User 306883b5-2e60-4a40-b2b4-81ebac512207 connected (ConnectionId=LYxCeeJgqbn8oqKxVRBkmg)
2026-02-28 00:44:09.386 +07:00 [INF] (Serilog.AspNetCore.RequestLoggingMiddleware) HTTP GET /api/Collections responded 200 in 0.678ms
2026-02-28 00:44:09.391 +07:00 [INF] (Serilog.AspNetCore.RequestLoggingMiddleware) HTTP GET /api/Tags responded 200 in 1.288ms
2026-02-28 00:44:09.392 +07:00 [INF] (VAH.Backend.Hubs.AssetHub) SignalR: User 306883b5-2e60-4a40-b2b4-81ebac512207 connected (ConnectionId=jz6OX3tuVW55KKiv4h5prA)
2026-02-28 00:44:09.394 +07:00 [INF] (Serilog.AspNetCore.RequestLoggingMiddleware) HTTP GET /api/SmartCollections responded 200 in 3.791ms
2026-02-28 00:44:09.445 +07:00 [INF] (Serilog.AspNetCore.RequestLoggingMiddleware) HTTP GET /api/Collections/2/items responded 200 in 5.130ms
2026-02-28 00:44:09.453 +07:00 [INF] (Serilog.AspNetCore.RequestLoggingMiddleware) HTTP GET /api/Collections/2/items responded 200 in 2.941ms
2026-02-28 00:44:10.292 +07:00 [INF] (Serilog.AspNetCore.RequestLoggingMiddleware) HTTP GET /api/Collections/1/items responded 200 in 5.774ms
2026-02-28 00:44:10.900 +07:00 [INF] (Serilog.AspNetCore.RequestLoggingMiddleware) HTTP GET /api/Collections/2/items responded 200 in 7.016ms
2026-02-28 00:44:11.375 +07:00 [INF] (Serilog.AspNetCore.RequestLoggingMiddleware) HTTP GET /api/Collections/3/items responded 200 in 4.572ms
2026-02-28 00:44:12.150 +07:00 [INF] (Serilog.AspNetCore.RequestLoggingMiddleware) HTTP GET /uploads/be3e5d2f-1633-4e44-a17a-e07e094b22e8.jpg responded 304 in 0.361ms
2026-02-28 00:44:12.154 +07:00 [INF] (Serilog.AspNetCore.RequestLoggingMiddleware) HTTP GET /api/Collections/2/items responded 200 in 4.563ms
2026-02-28 00:44:12.552 +07:00 [INF] (Serilog.AspNetCore.RequestLoggingMiddleware) HTTP GET /api/Collections/1/items responded 200 in 4.990ms
2026-02-28 00:44:16.893 +07:00 [INF] (Serilog.AspNetCore.RequestLoggingMiddleware) HTTP GET /api/Collections/2/items responded 200 in 5.605ms
2026-02-28 00:44:23.107 +07:00 [INF] (Serilog.AspNetCore.RequestLoggingMiddleware) HTTP GET /api/Collections/1/items responded 200 in 4.710ms
2026-02-28 00:44:28.953 +07:00 [INF] (Serilog.AspNetCore.RequestLoggingMiddleware) HTTP GET /api/Collections/1/items responded 200 in 5.787ms
2026-02-28 00:44:29.508 +07:00 [INF] (Serilog.AspNetCore.RequestLoggingMiddleware) HTTP GET /api/Collections/1/items responded 200 in 5.999ms
2026-02-28 00:44:30.452 +07:00 [INF] (Serilog.AspNetCore.RequestLoggingMiddleware) HTTP GET /api/Collections/2/items responded 200 in 1.732ms
2026-02-28 00:44:30.951 +07:00 [INF] (Serilog.AspNetCore.RequestLoggingMiddleware) HTTP GET /api/Collections/1/items responded 200 in 6.359ms
2026-02-28 00:44:31.478 +07:00 [INF] (Serilog.AspNetCore.RequestLoggingMiddleware) HTTP GET /api/Collections/1/items responded 200 in 5.089ms
2026-02-28 00:44:33.163 +07:00 [INF] (Serilog.AspNetCore.RequestLoggingMiddleware) HTTP DELETE /api/Assets/5 responded 204 in 131.216ms
2026-02-28 00:44:33.192 +07:00 [INF] (Serilog.AspNetCore.RequestLoggingMiddleware) HTTP GET /api/Collections/1/items responded 200 in 4.767ms
2026-02-28 00:44:33.204 +07:00 [INF] (Serilog.AspNetCore.RequestLoggingMiddleware) HTTP GET /api/Collections/1/items responded 200 in 9.885ms
2026-02-28 00:44:33.213 +07:00 [INF] (Serilog.AspNetCore.RequestLoggingMiddleware) HTTP GET /api/Collections/1/items responded 200 in 5.301ms
2026-02-28 00:44:34.772 +07:00 [INF] (Serilog.AspNetCore.RequestLoggingMiddleware) HTTP GET /api/Collections/1/items responded 200 in 6.739ms
2026-02-28 00:44:35.563 +07:00 [INF] (Serilog.AspNetCore.RequestLoggingMiddleware) HTTP GET /api/Collections/1/items responded 200 in 3.787ms
2026-02-28 00:44:36.781 +07:00 [INF] (Serilog.AspNetCore.RequestLoggingMiddleware) HTTP GET /api/Collections/1/items responded 200 in 4.258ms
2026-02-28 00:44:37.316 +07:00 [INF] (Serilog.AspNetCore.RequestLoggingMiddleware) HTTP GET /api/Collections/1/items responded 200 in 1.893ms
2026-02-28 00:44:39.979 +07:00 [INF] (Serilog.AspNetCore.RequestLoggingMiddleware) HTTP POST /api/Assets/create-folder responded 200 in 41.534ms
2026-02-28 00:44:39.998 +07:00 [INF] (Serilog.AspNetCore.RequestLoggingMiddleware) HTTP GET /api/Collections/1/items responded 200 in 8.734ms
2026-02-28 00:44:40.730 +07:00 [INF] (Serilog.AspNetCore.RequestLoggingMiddleware) HTTP GET /api/Collections/1/items responded 200 in 9.501ms
2026-02-28 00:44:43.253 +07:00 [INF] (Serilog.AspNetCore.RequestLoggingMiddleware) HTTP DELETE /api/Assets/1 responded 204 in 54.447ms
2026-02-28 00:44:43.305 +07:00 [INF] (Serilog.AspNetCore.RequestLoggingMiddleware) HTTP GET /api/Collections/1/items responded 200 in 7.630ms
2026-02-28 00:44:43.317 +07:00 [INF] (Serilog.AspNetCore.RequestLoggingMiddleware) HTTP GET /api/Collections/1/items responded 200 in 9.535ms
2026-02-28 00:44:43.325 +07:00 [INF] (Serilog.AspNetCore.RequestLoggingMiddleware) HTTP GET /api/Collections/1/items responded 200 in 5.434ms
2026-02-28 00:44:46.264 +07:00 [INF] (Serilog.AspNetCore.RequestLoggingMiddleware) HTTP DELETE /api/Assets/18 responded 204 in 10.867ms
2026-02-28 00:44:46.283 +07:00 [INF] (Serilog.AspNetCore.RequestLoggingMiddleware) HTTP GET /api/Collections/1/items responded 200 in 4.705ms
2026-02-28 00:44:46.304 +07:00 [INF] (Serilog.AspNetCore.RequestLoggingMiddleware) HTTP GET /api/Collections/1/items responded 200 in 17.995ms
2026-02-28 00:44:46.338 +07:00 [INF] (Serilog.AspNetCore.RequestLoggingMiddleware) HTTP GET /api/Collections/1/items responded 200 in 31.788ms
2026-02-28 00:44:47.648 +07:00 [INF] (Serilog.AspNetCore.RequestLoggingMiddleware) HTTP DELETE /api/Assets/2 responded 204 in 22.209ms
2026-02-28 00:44:47.672 +07:00 [INF] (Serilog.AspNetCore.RequestLoggingMiddleware) HTTP GET /api/Collections/1/items responded 200 in 4.726ms
2026-02-28 00:44:47.681 +07:00 [INF] (Serilog.AspNetCore.RequestLoggingMiddleware) HTTP GET /api/Collections/1/items responded 200 in 5.922ms
2026-02-28 00:44:47.699 +07:00 [INF] (Serilog.AspNetCore.RequestLoggingMiddleware) HTTP GET /api/Collections/1/items responded 200 in 4.290ms
2026-02-28 00:44:48.391 +07:00 [INF] (Serilog.AspNetCore.RequestLoggingMiddleware) HTTP GET /api/Collections/2/items responded 200 in 4.430ms
2026-02-28 00:44:57.678 +07:00 [INF] (Serilog.AspNetCore.RequestLoggingMiddleware) HTTP GET /api/Collections/3/items responded 200 in 3.820ms
2026-02-28 00:45:14.241 +07:00 [INF] (Serilog.AspNetCore.RequestLoggingMiddleware) HTTP DELETE /api/Assets/14 responded 204 in 14.620ms
2026-02-28 00:45:14.256 +07:00 [INF] (Serilog.AspNetCore.RequestLoggingMiddleware) HTTP GET /api/Collections/3/items responded 200 in 2.317ms
2026-02-28 00:45:14.269 +07:00 [INF] (Serilog.AspNetCore.RequestLoggingMiddleware) HTTP GET /api/Collections/3/items responded 200 in 10.403ms
2026-02-28 00:45:14.278 +07:00 [INF] (Serilog.AspNetCore.RequestLoggingMiddleware) HTTP GET /api/Collections/3/items responded 200 in 5.397ms
2026-02-28 00:45:18.790 +07:00 [INF] (Serilog.AspNetCore.RequestLoggingMiddleware) HTTP POST /api/Assets/create-color-group responded 200 in 29.065ms
2026-02-28 00:45:18.799 +07:00 [INF] (Serilog.AspNetCore.RequestLoggingMiddleware) HTTP GET /api/Collections/3/items responded 200 in 2.761ms
2026-02-28 00:45:23.061 +07:00 [INF] (Serilog.AspNetCore.RequestLoggingMiddleware) HTTP POST /api/Assets/create-color-group responded 200 in 23.073ms
2026-02-28 00:45:23.236 +07:00 [INF] (Serilog.AspNetCore.RequestLoggingMiddleware) HTTP GET /api/Collections/3/items responded 200 in 107.628ms
2026-02-28 00:45:30.606 +07:00 [INF] (Serilog.AspNetCore.RequestLoggingMiddleware) HTTP POST /api/Assets/create-color-group responded 200 in 16.578ms
2026-02-28 00:45:30.616 +07:00 [INF] (Serilog.AspNetCore.RequestLoggingMiddleware) HTTP GET /api/Collections/3/items responded 200 in 2.283ms
2026-02-28 00:46:37.760 +07:00 [INF] (Serilog.AspNetCore.RequestLoggingMiddleware) HTTP GET /api/Collections/1/items responded 200 in 1.581ms
2026-02-28 00:46:43.545 +07:00 [INF] (VAH.Backend.Services.LocalStorageService) File uploaded: tải xuống.jpg → 9aef7f18-c7e4-4051-b5eb-5a960e873c17.jpg (14077 bytes)
2026-02-28 00:46:44.228 +07:00 [INF] (VAH.Backend.Services.ThumbnailService) Thumbnails generated for /uploads/9aef7f18-c7e4-4051-b5eb-5a960e873c17.jpg: sm, md, lg
2026-02-28 00:46:44.239 +07:00 [INF] (Serilog.AspNetCore.RequestLoggingMiddleware) HTTP POST /api/Assets/upload responded 200 in 728.108ms
2026-02-28 00:46:44.250 +07:00 [INF] (Serilog.AspNetCore.RequestLoggingMiddleware) HTTP GET /api/Collections/1/items responded 200 in 3.840ms
2026-02-28 00:46:44.260 +07:00 [INF] (Serilog.AspNetCore.RequestLoggingMiddleware) HTTP GET /api/Collections/1/items responded 200 in 7.047ms
2026-02-28 00:46:44.268 +07:00 [INF] (Serilog.AspNetCore.RequestLoggingMiddleware) HTTP GET /api/Collections/1/items responded 200 in 6.306ms
2026-02-28 00:46:59.071 +07:00 [INF] (VAH.Backend.Services.LocalStorageService) File uploaded: NguyenVanThangHUFLIT.jpg → f15d34e1-e423-46aa-911e-96bba5eac7ea.jpg (736005 bytes)
2026-02-28 00:47:00.141 +07:00 [INF] (VAH.Backend.Services.ThumbnailService) Thumbnails generated for /uploads/f15d34e1-e423-46aa-911e-96bba5eac7ea.jpg: sm, md, lg
2026-02-28 00:47:00.145 +07:00 [INF] (Serilog.AspNetCore.RequestLoggingMiddleware) HTTP POST /api/Assets/upload responded 200 in 1150.214ms
2026-02-28 00:47:00.176 +07:00 [INF] (Serilog.AspNetCore.RequestLoggingMiddleware) HTTP GET /api/Collections/1/items responded 200 in 3.166ms
2026-02-28 00:47:00.189 +07:00 [INF] (Serilog.AspNetCore.RequestLoggingMiddleware) HTTP GET /api/Collections/1/items responded 200 in 5.095ms
2026-02-28 00:47:00.199 +07:00 [INF] (Serilog.AspNetCore.RequestLoggingMiddleware) HTTP GET /api/Collections/1/items responded 200 in 2.570ms
2026-02-28 00:47:22.078 +07:00 [INF] (Serilog.AspNetCore.RequestLoggingMiddleware) HTTP GET /api/Collections/3/items responded 200 in 1.978ms
2026-02-28 00:47:24.870 +07:00 [INF] (Serilog.AspNetCore.RequestLoggingMiddleware) HTTP GET /api/Collections/1/items responded 200 in 2.929ms
2026-02-28 00:47:31.202 +07:00 [INF] (Serilog.AspNetCore.RequestLoggingMiddleware) HTTP GET /api/Collections/1/items responded 200 in 2.086ms
2026-02-28 00:47:39.173 +07:00 [INF] (Serilog.AspNetCore.RequestLoggingMiddleware) HTTP GET /api/Collections/1/items responded 200 in 2.641ms
2026-02-28 00:48:07.516 +07:00 [INF] (Serilog.AspNetCore.RequestLoggingMiddleware) HTTP GET /api/Collections/3/items responded 200 in 2.979ms
2026-02-28 00:48:48.623 +07:00 [INF] (Serilog.AspNetCore.RequestLoggingMiddleware) HTTP GET /api/Collections/1/items responded 200 in 2.198ms
2026-02-28 00:49:33.298 +07:00 [INF] (Serilog.AspNetCore.RequestLoggingMiddleware) HTTP GET /api/Collections/3/items responded 200 in 2.281ms
2026-02-28 00:49:41.537 +07:00 [INF] (Serilog.AspNetCore.RequestLoggingMiddleware) HTTP POST /api/Assets/create-color-group responded 200 in 15.170ms
2026-02-28 00:49:41.546 +07:00 [INF] (Serilog.AspNetCore.RequestLoggingMiddleware) HTTP GET /api/Collections/3/items responded 200 in 2.356ms
2026-02-28 00:49:44.694 +07:00 [INF] (Serilog.AspNetCore.RequestLoggingMiddleware) HTTP POST /api/Assets/create-color responded 200 in 16.512ms
2026-02-28 00:49:44.701 +07:00 [INF] (Serilog.AspNetCore.RequestLoggingMiddleware) HTTP GET /api/Collections/3/items responded 200 in 1.587ms
2026-02-28 00:50:10.027 +07:00 [INF] (Serilog.AspNetCore.RequestLoggingMiddleware) HTTP DELETE /api/Assets/9 responded 204 in 13.370ms
2026-02-28 00:50:10.038 +07:00 [INF] (Serilog.AspNetCore.RequestLoggingMiddleware) HTTP GET /api/Collections/3/items responded 200 in 3.104ms
2026-02-28 00:50:10.046 +07:00 [INF] (Serilog.AspNetCore.RequestLoggingMiddleware) HTTP GET /api/Collections/3/items responded 200 in 6.376ms
2026-02-28 00:50:10.056 +07:00 [INF] (Serilog.AspNetCore.RequestLoggingMiddleware) HTTP GET /api/Collections/3/items responded 200 in 2.462ms
2026-02-28 00:50:15.635 +07:00 [INF] (Serilog.AspNetCore.RequestLoggingMiddleware) HTTP POST /api/Assets/create-color-group responded 200 in 13.991ms
2026-02-28 00:50:15.651 +07:00 [INF] (Serilog.AspNetCore.RequestLoggingMiddleware) HTTP GET /api/Collections/3/items responded 200 in 5.188ms
2026-02-28 00:50:18.348 +07:00 [INF] (Serilog.AspNetCore.RequestLoggingMiddleware) HTTP POST /api/Assets/create-color-group responded 200 in 14.665ms
2026-02-28 00:50:18.357 +07:00 [INF] (Serilog.AspNetCore.RequestLoggingMiddleware) HTTP GET /api/Collections/3/items responded 200 in 2.082ms
2026-02-28 00:50:23.647 +07:00 [INF] (Serilog.AspNetCore.RequestLoggingMiddleware) HTTP POST /api/Assets/create-color-group responded 200 in 14.507ms
2026-02-28 00:50:23.658 +07:00 [INF] (Serilog.AspNetCore.RequestLoggingMiddleware) HTTP GET /api/Collections/3/items responded 200 in 1.989ms
2026-02-28 00:51:04.674 +07:00 [INF] (Serilog.AspNetCore.RequestLoggingMiddleware) HTTP GET /uploads/be3e5d2f-1633-4e44-a17a-e07e094b22e8.jpg responded 304 in 0.722ms
2026-02-28 00:51:04.677 +07:00 [INF] (Serilog.AspNetCore.RequestLoggingMiddleware) HTTP GET /api/Collections/2/items responded 200 in 2.398ms
2026-02-28 00:58:31.909 +07:00 [INF] (VAH.Backend.Hubs.AssetHub) SignalR: User 306883b5-2e60-4a40-b2b4-81ebac512207 disconnected
2026-02-28 00:58:31.911 +07:00 [WRN] (Serilog.AspNetCore.RequestLoggingMiddleware) HTTP GET /hubs/assets responded 101 in 862525.448ms
2026-02-28 00:58:31.926 +07:00 [INF] (Serilog.AspNetCore.RequestLoggingMiddleware) HTTP GET /api/Collections/2/items responded 200 in 6.083ms
2026-02-28 00:58:32.092 +07:00 [INF] (Serilog.AspNetCore.RequestLoggingMiddleware) HTTP GET /api/Tags responded 200 in 170.865ms
2026-02-28 00:58:32.093 +07:00 [INF] (Serilog.AspNetCore.RequestLoggingMiddleware) HTTP GET /api/SmartCollections responded 200 in 171.357ms
2026-02-28 01:28:06.805 +07:00 [INF] (VAH.Backend.Hubs.AssetHub) SignalR: User 306883b5-2e60-4a40-b2b4-81ebac512207 disconnected
2026-02-28 01:28:06.809 +07:00 [WRN] (Serilog.AspNetCore.RequestLoggingMiddleware) HTTP GET /hubs/assets responded 101 in 2637476.596ms
2026-02-28 02:04:15.140 +07:00 [INF] (Serilog.AspNetCore.RequestLoggingMiddleware) HTTP POST /hubs/assets/negotiate responded 200 in 2.595ms
2026-02-28 02:04:15.182 +07:00 [INF] (VAH.Backend.Hubs.AssetHub) SignalR: User 306883b5-2e60-4a40-b2b4-81ebac512207 connected (ConnectionId=z4bcVwZxQdGZbIDItUny9w)
