2026-03-01 00:29:15.862 +07:00 [INF] (Serilog.AspNetCore.RequestLoggingMiddleware) HTTP GET /api/Collections/5/items responded 200 in 34.180ms
2026-03-01 00:29:15.947 +07:00 [INF] (Serilog.AspNetCore.RequestLoggingMiddleware) HTTP GET /uploads/thumbs/md_ef3d5d43-1c01-44ee-83f4-7a93fe30ca45.webp responded 304 in 31.509ms
2026-03-01 00:29:15.947 +07:00 [INF] (Serilog.AspNetCore.RequestLoggingMiddleware) HTTP GET /uploads/thumbs/md_9668884a-b747-4b0e-a8ad-6383309b2f5f.webp responded 304 in 30.910ms
2026-03-01 00:29:15.947 +07:00 [INF] (Serilog.AspNetCore.RequestLoggingMiddleware) HTTP GET /uploads/thumbs/md_278a501b-36c0-4eeb-8dc2-0ce37767fbc9.webp responded 304 in 31.468ms
2026-03-01 00:29:15.947 +07:00 [INF] (Serilog.AspNetCore.RequestLoggingMiddleware) HTTP GET /uploads/thumbs/md_0b60ce12-a8dc-46c9-b4e9-cffe97c95bfb.webp responded 304 in 31.431ms
2026-03-01 00:29:15.947 +07:00 [INF] (Serilog.AspNetCore.RequestLoggingMiddleware) HTTP GET /uploads/thumbs/md_2df352cf-5056-4a0e-86a3-d0f0d5b7721f.webp responded 304 in 30.751ms
2026-03-01 00:29:15.947 +07:00 [INF] (Serilog.AspNetCore.RequestLoggingMiddleware) HTTP GET /uploads/thumbs/md_26c8a3f8-b392-47fe-b6f8-8bdf6761af34.webp responded 304 in 30.810ms
2026-03-01 00:29:15.954 +07:00 [INF] (Serilog.AspNetCore.RequestLoggingMiddleware) HTTP GET /uploads/thumbs/md_50f7ef15-5e33-4712-b79a-99f7a2985611.webp responded 304 in 0.684ms
2026-03-01 00:29:15.956 +07:00 [INF] (Serilog.AspNetCore.RequestLoggingMiddleware) HTTP GET /uploads/thumbs/md_f4c4c0d1-9c93-4ba4-a25e-70789122df95.webp responded 304 in 0.745ms
2026-03-01 00:29:15.961 +07:00 [INF] (Serilog.AspNetCore.RequestLoggingMiddleware) HTTP GET /uploads/thumbs/md_818e1554-720a-46e1-b4f6-a0561bbe2a17.webp responded 304 in 0.977ms
2026-03-01 00:29:15.965 +07:00 [INF] (Serilog.AspNetCore.RequestLoggingMiddleware) HTTP GET /uploads/thumbs/md_6eb451fe-96e9-4040-8b36-562d4b2ae461.webp responded 304 in 0.478ms
2026-03-01 00:29:15.966 +07:00 [INF] (Serilog.AspNetCore.RequestLoggingMiddleware) HTTP GET /uploads/thumbs/md_17c83596-bffc-40f4-8d86-6b4907c58c2b.webp responded 304 in 0.337ms
2026-03-01 00:29:20.259 +07:00 [INF] (VAH.Backend.Services.LocalStorageService) File uploaded: paste-2026-02-28T17-29-20.png → 3f31eeae-85b9-416e-8934-8ca8e948a46b.png (303569 bytes)
2026-03-01 00:29:20.259 +07:00 [INF] (VAH.Backend.Services.LocalStorageService) File uploaded: paste-2026-02-28T17-29-20.png → af62f555-b27c-4f05-a40f-211561c1ca52.png (303569 bytes)
2026-03-01 00:29:20.888 +07:00 [INF] (VAH.Backend.Services.ThumbnailService) Thumbnails generated for /uploads/af62f555-b27c-4f05-a40f-211561c1ca52.png: sm, md, lg
2026-03-01 00:29:20.888 +07:00 [INF] (VAH.Backend.Services.ThumbnailService) Thumbnails generated for /uploads/3f31eeae-85b9-416e-8934-8ca8e948a46b.png: sm, md, lg
2026-03-01 00:29:20.904 +07:00 [INF] (Serilog.AspNetCore.RequestLoggingMiddleware) HTTP POST /api/Assets/upload responded 200 in 701.891ms
2026-03-01 00:29:20.916 +07:00 [INF] (Serilog.AspNetCore.RequestLoggingMiddleware) HTTP GET /api/Collections/5/items responded 200 in 2.741ms
2026-03-01 00:29:20.921 +07:00 [INF] (Serilog.AspNetCore.RequestLoggingMiddleware) HTTP GET /api/Collections/5/items responded 200 in 3.257ms
2026-03-01 00:29:20.933 +07:00 [INF] (Serilog.AspNetCore.RequestLoggingMiddleware) HTTP GET /api/Collections/5/items responded 200 in 2.304ms
2026-03-01 00:29:20.965 +07:00 [INF] (Serilog.AspNetCore.RequestLoggingMiddleware) HTTP GET /uploads/thumbs/md_3f31eeae-85b9-416e-8934-8ca8e948a46b.webp responded 200 in 12.420ms
2026-03-01 00:29:21.073 +07:00 [INF] (Serilog.AspNetCore.RequestLoggingMiddleware) HTTP POST /api/Assets/upload responded 200 in 874.098ms
2026-03-01 00:29:21.085 +07:00 [INF] (Serilog.AspNetCore.RequestLoggingMiddleware) HTTP GET /api/Collections/5/items responded 200 in 6.606ms
2026-03-01 00:29:21.093 +07:00 [INF] (Serilog.AspNetCore.RequestLoggingMiddleware) HTTP GET /api/Collections/5/items responded 200 in 6.136ms
2026-03-01 00:29:21.125 +07:00 [INF] (Serilog.AspNetCore.RequestLoggingMiddleware) HTTP GET /api/Collections/8/items responded 200 in 4.609ms
2026-03-01 00:29:32.220 +07:00 [INF] (Serilog.AspNetCore.RequestLoggingMiddleware) HTTP POST /api/Assets/create-folder responded 200 in 28.012ms
2026-03-01 00:29:32.244 +07:00 [INF] (Serilog.AspNetCore.RequestLoggingMiddleware) HTTP GET /api/Collections/5/items responded 200 in 4.297ms
2026-03-01 00:29:35.479 +07:00 [INF] (Serilog.AspNetCore.RequestLoggingMiddleware) HTTP PUT /api/Assets/96 responded 200 in 35.007ms
2026-03-01 00:29:35.499 +07:00 [INF] (Serilog.AspNetCore.RequestLoggingMiddleware) HTTP GET /api/Collections/5/items responded 200 in 5.486ms
2026-03-01 00:29:36.638 +07:00 [INF] (Serilog.AspNetCore.RequestLoggingMiddleware) HTTP PUT /api/Assets/97 responded 200 in 4.488ms
2026-03-01 00:29:36.663 +07:00 [INF] (Serilog.AspNetCore.RequestLoggingMiddleware) HTTP GET /api/Collections/5/items responded 200 in 6.439ms
2026-03-01 00:29:37.571 +07:00 [INF] (Serilog.AspNetCore.RequestLoggingMiddleware) HTTP PUT /api/Assets/98 responded 200 in 18.462ms
2026-03-01 00:29:37.612 +07:00 [INF] (Serilog.AspNetCore.RequestLoggingMiddleware) HTTP GET /api/Collections/5/items responded 200 in 8.393ms
2026-03-01 00:29:38.612 +07:00 [INF] (Serilog.AspNetCore.RequestLoggingMiddleware) HTTP PUT /api/Assets/99 responded 200 in 16.262ms
2026-03-01 00:29:38.629 +07:00 [INF] (Serilog.AspNetCore.RequestLoggingMiddleware) HTTP GET /api/Collections/5/items responded 200 in 4.600ms
2026-03-01 00:29:43.914 +07:00 [INF] (Serilog.AspNetCore.RequestLoggingMiddleware) HTTP GET /api/Collections/5/items responded 200 in 9.250ms
2026-03-01 00:29:45.683 +07:00 [INF] (Serilog.AspNetCore.RequestLoggingMiddleware) HTTP GET /api/Collections/5/items responded 200 in 2.840ms
2026-03-01 00:29:47.470 +07:00 [INF] (Serilog.AspNetCore.RequestLoggingMiddleware) HTTP GET /api/Collections/5/items responded 200 in 5.460ms
2026-03-01 00:29:53.828 +07:00 [INF] (Serilog.AspNetCore.RequestLoggingMiddleware) HTTP POST /api/Assets/create-folder responded 200 in 19.128ms
2026-03-01 00:29:53.846 +07:00 [INF] (Serilog.AspNetCore.RequestLoggingMiddleware) HTTP GET /api/Collections/5/items responded 200 in 4.492ms
2026-03-01 00:29:55.446 +07:00 [INF] (Serilog.AspNetCore.RequestLoggingMiddleware) HTTP PUT /api/Assets/100 responded 200 in 14.638ms
2026-03-01 00:29:55.465 +07:00 [INF] (Serilog.AspNetCore.RequestLoggingMiddleware) HTTP GET /api/Collections/5/items responded 200 in 5.981ms
2026-03-01 00:29:56.240 +07:00 [INF] (Serilog.AspNetCore.RequestLoggingMiddleware) HTTP PUT /api/Assets/101 responded 200 in 14.720ms
2026-03-01 00:29:56.262 +07:00 [INF] (Serilog.AspNetCore.RequestLoggingMiddleware) HTTP GET /api/Collections/5/items responded 200 in 6.776ms
2026-03-01 00:29:56.888 +07:00 [INF] (Serilog.AspNetCore.RequestLoggingMiddleware) HTTP PUT /api/Assets/102 responded 200 in 4.446ms
2026-03-01 00:29:56.910 +07:00 [INF] (Serilog.AspNetCore.RequestLoggingMiddleware) HTTP GET /api/Collections/5/items responded 200 in 7.658ms
2026-03-01 00:29:57.478 +07:00 [INF] (Serilog.AspNetCore.RequestLoggingMiddleware) HTTP PUT /api/Assets/103 responded 200 in 3.234ms
2026-03-01 00:29:57.496 +07:00 [INF] (Serilog.AspNetCore.RequestLoggingMiddleware) HTTP GET /api/Collections/5/items responded 200 in 4.630ms
2026-03-01 00:29:58.037 +07:00 [INF] (Serilog.AspNetCore.RequestLoggingMiddleware) HTTP PUT /api/Assets/104 responded 200 in 14.897ms
2026-03-01 00:29:58.056 +07:00 [INF] (Serilog.AspNetCore.RequestLoggingMiddleware) HTTP GET /api/Collections/5/items responded 200 in 6.046ms
2026-03-01 00:29:58.610 +07:00 [INF] (Serilog.AspNetCore.RequestLoggingMiddleware) HTTP PUT /api/Assets/105 responded 200 in 18.292ms
2026-03-01 00:29:58.637 +07:00 [INF] (Serilog.AspNetCore.RequestLoggingMiddleware) HTTP GET /api/Collections/5/items responded 200 in 7.229ms
2026-03-01 00:29:59.173 +07:00 [INF] (Serilog.AspNetCore.RequestLoggingMiddleware) HTTP PUT /api/Assets/106 responded 200 in 4.482ms
2026-03-01 00:29:59.193 +07:00 [INF] (Serilog.AspNetCore.RequestLoggingMiddleware) HTTP GET /api/Collections/5/items responded 200 in 3.842ms
2026-03-01 00:30:02.355 +07:00 [INF] (Serilog.AspNetCore.RequestLoggingMiddleware) HTTP GET /api/Collections/5/items responded 200 in 3.092ms
2026-03-01 00:30:05.732 +07:00 [INF] (Serilog.AspNetCore.RequestLoggingMiddleware) HTTP GET /api/SmartCollections/all-images/items responded 200 in 88.796ms
2026-03-01 00:30:05.793 +07:00 [INF] (Serilog.AspNetCore.RequestLoggingMiddleware) HTTP GET /uploads/thumbs/md_af62f555-b27c-4f05-a40f-211561c1ca52.webp responded 200 in 1.970ms
2026-03-01 00:30:08.545 +07:00 [INF] (Serilog.AspNetCore.RequestLoggingMiddleware) HTTP GET /api/Collections/5/items responded 200 in 4.858ms
2026-03-01 01:00:00.553 +07:00 [INF] (VAH.Backend.Services.LocalStorageService) File uploaded: paste-2026-02-28T18-00-00.png → ac173045-a823-417c-b338-43f52c4ebee4.png (274077 bytes)
2026-03-01 01:00:00.553 +07:00 [INF] (VAH.Backend.Services.LocalStorageService) File uploaded: paste-2026-02-28T18-00-00.png → b5c058bb-3952-49dc-89c5-fadc882eee31.png (274077 bytes)
2026-03-01 01:00:00.811 +07:00 [INF] (VAH.Backend.Services.ThumbnailService) Thumbnails generated for /uploads/ac173045-a823-417c-b338-43f52c4ebee4.png: sm, md, lg
2026-03-01 01:00:00.817 +07:00 [INF] (Serilog.AspNetCore.RequestLoggingMiddleware) HTTP POST /api/Assets/upload responded 200 in 274.308ms
2026-03-01 01:00:00.829 +07:00 [INF] (Serilog.AspNetCore.RequestLoggingMiddleware) HTTP GET /api/Collections/5/items responded 200 in 1.782ms
2026-03-01 01:00:00.832 +07:00 [INF] (Serilog.AspNetCore.RequestLoggingMiddleware) HTTP GET /api/Collections/5/items responded 200 in 1.487ms
2026-03-01 01:00:00.834 +07:00 [INF] (Serilog.AspNetCore.RequestLoggingMiddleware) HTTP GET /api/Collections/5/items responded 200 in 1.577ms
2026-03-01 01:00:00.852 +07:00 [INF] (Serilog.AspNetCore.RequestLoggingMiddleware) HTTP GET /uploads/thumbs/md_ac173045-a823-417c-b338-43f52c4ebee4.webp responded 200 in 0.837ms
2026-03-01 01:00:01.032 +07:00 [INF] (VAH.Backend.Services.ThumbnailService) Thumbnails generated for /uploads/b5c058bb-3952-49dc-89c5-fadc882eee31.png: sm, md, lg
2026-03-01 01:00:01.039 +07:00 [INF] (Serilog.AspNetCore.RequestLoggingMiddleware) HTTP POST /api/Assets/upload responded 200 in 497.087ms
2026-03-01 01:00:01.048 +07:00 [INF] (Serilog.AspNetCore.RequestLoggingMiddleware) HTTP GET /api/Collections/5/items responded 200 in 3.431ms
2026-03-01 01:00:01.056 +07:00 [INF] (Serilog.AspNetCore.RequestLoggingMiddleware) HTTP GET /api/Collections/5/items responded 200 in 6.467ms
2026-03-01 01:00:01.074 +07:00 [INF] (Serilog.AspNetCore.RequestLoggingMiddleware) HTTP GET /api/Collections/8/items responded 200 in 3.073ms
2026-03-01 01:00:05.033 +07:00 [INF] (VAH.Backend.Services.LocalStorageService) File uploaded: paste-2026-02-28T18-00-05.png → b277823c-d616-48eb-a443-f500259c3eba.png (229063 bytes)
2026-03-01 01:00:05.033 +07:00 [INF] (VAH.Backend.Services.LocalStorageService) File uploaded: paste-2026-02-28T18-00-04.png → d4a6f633-e5da-4212-b3e2-d03b7b3dc284.png (229063 bytes)
2026-03-01 01:00:05.185 +07:00 [INF] (VAH.Backend.Services.ThumbnailService) Thumbnails generated for /uploads/d4a6f633-e5da-4212-b3e2-d03b7b3dc284.png: sm, md, lg
2026-03-01 01:00:05.189 +07:00 [INF] (Serilog.AspNetCore.RequestLoggingMiddleware) HTTP POST /api/Assets/upload responded 200 in 178.237ms
2026-03-01 01:00:05.196 +07:00 [INF] (VAH.Backend.Services.ThumbnailService) Thumbnails generated for /uploads/b277823c-d616-48eb-a443-f500259c3eba.png: sm, md, lg
2026-03-01 01:00:05.197 +07:00 [INF] (Serilog.AspNetCore.RequestLoggingMiddleware) HTTP GET /api/Collections/5/items responded 200 in 2.424ms
2026-03-01 01:00:05.200 +07:00 [INF] (Serilog.AspNetCore.RequestLoggingMiddleware) HTTP POST /api/Assets/upload responded 200 in 186.258ms
2026-03-01 01:00:05.201 +07:00 [INF] (Serilog.AspNetCore.RequestLoggingMiddleware) HTTP GET /api/Collections/5/items responded 200 in 2.916ms
2026-03-01 01:00:05.219 +07:00 [INF] (Serilog.AspNetCore.RequestLoggingMiddleware) HTTP GET /api/Collections/8/items responded 200 in 1.616ms
2026-03-01 01:00:05.219 +07:00 [INF] (Serilog.AspNetCore.RequestLoggingMiddleware) HTTP GET /api/Collections/5/items responded 200 in 1.609ms
2026-03-01 01:00:05.222 +07:00 [INF] (Serilog.AspNetCore.RequestLoggingMiddleware) HTTP GET /api/Collections/5/items responded 200 in 2.070ms
2026-03-01 01:00:05.225 +07:00 [INF] (Serilog.AspNetCore.RequestLoggingMiddleware) HTTP GET /api/Collections/5/items responded 200 in 2.296ms
2026-03-01 01:00:05.240 +07:00 [INF] (Serilog.AspNetCore.RequestLoggingMiddleware) HTTP GET /uploads/thumbs/md_b277823c-d616-48eb-a443-f500259c3eba.webp responded 200 in 1.246ms
2026-03-01 01:00:08.334 +07:00 [INF] (VAH.Backend.Services.LocalStorageService) File uploaded: paste-2026-02-28T18-00-08.png → 0a20edda-1e2f-4f5f-a404-783045056c8f.png (253932 bytes)
2026-03-01 01:00:08.349 +07:00 [INF] (VAH.Backend.Services.LocalStorageService) File uploaded: paste-2026-02-28T18-00-08.png → e12cfb2f-0567-4ae4-9ca6-3b8abeee8175.png (253932 bytes)
2026-03-01 01:00:08.452 +07:00 [INF] (VAH.Backend.Services.ThumbnailService) Thumbnails generated for /uploads/0a20edda-1e2f-4f5f-a404-783045056c8f.png: sm, md, lg
2026-03-01 01:00:08.456 +07:00 [INF] (Serilog.AspNetCore.RequestLoggingMiddleware) HTTP POST /api/Assets/upload responded 200 in 129.893ms
2026-03-01 01:00:08.465 +07:00 [INF] (VAH.Backend.Services.ThumbnailService) Thumbnails generated for /uploads/e12cfb2f-0567-4ae4-9ca6-3b8abeee8175.png: sm, md, lg
2026-03-01 01:00:08.468 +07:00 [INF] (Serilog.AspNetCore.RequestLoggingMiddleware) HTTP GET /api/Collections/5/items responded 200 in 2.660ms
2026-03-01 01:00:08.470 +07:00 [INF] (Serilog.AspNetCore.RequestLoggingMiddleware) HTTP POST /api/Assets/upload responded 200 in 139.196ms
2026-03-01 01:00:08.472 +07:00 [INF] (Serilog.AspNetCore.RequestLoggingMiddleware) HTTP GET /api/Collections/5/items responded 200 in 2.524ms
2026-03-01 01:00:08.483 +07:00 [INF] (Serilog.AspNetCore.RequestLoggingMiddleware) HTTP GET /api/Collections/8/items responded 200 in 2.152ms
2026-03-01 01:00:08.483 +07:00 [INF] (Serilog.AspNetCore.RequestLoggingMiddleware) HTTP GET /api/Collections/5/items responded 200 in 2.962ms
2026-03-01 01:00:08.487 +07:00 [INF] (Serilog.AspNetCore.RequestLoggingMiddleware) HTTP GET /api/Collections/5/items responded 200 in 2.671ms
2026-03-01 01:00:08.491 +07:00 [INF] (Serilog.AspNetCore.RequestLoggingMiddleware) HTTP GET /api/Collections/5/items responded 200 in 3.307ms
2026-03-01 01:00:08.515 +07:00 [INF] (Serilog.AspNetCore.RequestLoggingMiddleware) HTTP GET /uploads/e12cfb2f-0567-4ae4-9ca6-3b8abeee8175.png responded 200 in 10.358ms
2026-03-01 01:00:08.521 +07:00 [INF] (Serilog.AspNetCore.RequestLoggingMiddleware) HTTP GET /uploads/thumbs/md_e12cfb2f-0567-4ae4-9ca6-3b8abeee8175.webp responded 200 in 1.093ms
2026-03-01 01:00:11.381 +07:00 [INF] (Serilog.AspNetCore.RequestLoggingMiddleware) HTTP POST /api/Assets/create-folder responded 200 in 16.930ms
2026-03-01 01:00:11.406 +07:00 [INF] (Serilog.AspNetCore.RequestLoggingMiddleware) HTTP GET /api/Collections/5/items responded 200 in 3.254ms
2026-03-01 01:00:12.660 +07:00 [INF] (Serilog.AspNetCore.RequestLoggingMiddleware) HTTP PUT /api/Assets/123 responded 200 in 15.871ms
2026-03-01 01:00:12.684 +07:00 [INF] (Serilog.AspNetCore.RequestLoggingMiddleware) HTTP GET /api/Collections/5/items responded 200 in 5.298ms
2026-03-01 01:00:13.367 +07:00 [INF] (Serilog.AspNetCore.RequestLoggingMiddleware) HTTP PUT /api/Assets/128 responded 200 in 21.500ms
2026-03-01 01:00:13.389 +07:00 [INF] (Serilog.AspNetCore.RequestLoggingMiddleware) HTTP GET /api/Collections/5/items responded 200 in 2.449ms
2026-03-01 01:00:14.329 +07:00 [INF] (Serilog.AspNetCore.RequestLoggingMiddleware) HTTP PUT /api/Assets/131 responded 200 in 15.966ms
2026-03-01 01:00:14.364 +07:00 [INF] (Serilog.AspNetCore.RequestLoggingMiddleware) HTTP GET /api/Collections/5/items responded 200 in 4.616ms
2026-03-01 01:00:15.024 +07:00 [INF] (Serilog.AspNetCore.RequestLoggingMiddleware) HTTP PUT /api/Assets/126 responded 200 in 16.197ms
2026-03-01 01:00:15.042 +07:00 [INF] (Serilog.AspNetCore.RequestLoggingMiddleware) HTTP GET /api/Collections/5/items responded 200 in 3.151ms
2026-03-01 01:00:18.882 +07:00 [INF] (Serilog.AspNetCore.RequestLoggingMiddleware) HTTP GET /api/Collections/5/items responded 200 in 2.847ms
2026-03-01 01:00:18.882 +07:00 [INF] (Serilog.AspNetCore.RequestLoggingMiddleware) HTTP GET /api/Collections/5/items responded 200 in 3.060ms
2026-03-01 01:00:18.901 +07:00 [INF] (Serilog.AspNetCore.RequestLoggingMiddleware) HTTP GET /api/Collections/5/items responded 200 in 21.838ms
2026-03-01 01:00:20.734 +07:00 [INF] (Serilog.AspNetCore.RequestLoggingMiddleware) HTTP GET /api/Collections/5/items responded 200 in 2.545ms
2026-03-01 01:00:20.784 +07:00 [INF] (Serilog.AspNetCore.RequestLoggingMiddleware) HTTP GET /uploads/thumbs/md_9668884a-b747-4b0e-a8ad-6383309b2f5f.webp responded 304 in 0.342ms
2026-03-01 01:00:20.784 +07:00 [INF] (Serilog.AspNetCore.RequestLoggingMiddleware) HTTP GET /uploads/thumbs/md_50f7ef15-5e33-4712-b79a-99f7a2985611.webp responded 304 in 0.179ms
2026-03-01 01:00:20.786 +07:00 [INF] (Serilog.AspNetCore.RequestLoggingMiddleware) HTTP GET /uploads/thumbs/md_6eb451fe-96e9-4040-8b36-562d4b2ae461.webp responded 304 in 0.116ms
2026-03-01 01:00:20.786 +07:00 [INF] (Serilog.AspNetCore.RequestLoggingMiddleware) HTTP GET /uploads/thumbs/md_818e1554-720a-46e1-b4f6-a0561bbe2a17.webp responded 304 in 0.209ms
2026-03-01 01:00:20.786 +07:00 [INF] (Serilog.AspNetCore.RequestLoggingMiddleware) HTTP GET /uploads/thumbs/md_2df352cf-5056-4a0e-86a3-d0f0d5b7721f.webp responded 304 in 0.188ms
2026-03-01 01:00:20.787 +07:00 [INF] (Serilog.AspNetCore.RequestLoggingMiddleware) HTTP GET /uploads/thumbs/md_17c83596-bffc-40f4-8d86-6b4907c58c2b.webp responded 304 in 0.107ms
2026-03-01 01:00:20.789 +07:00 [INF] (Serilog.AspNetCore.RequestLoggingMiddleware) HTTP GET /uploads/thumbs/md_f4c4c0d1-9c93-4ba4-a25e-70789122df95.webp responded 304 in 0.238ms
2026-03-01 01:00:22.483 +07:00 [INF] (Serilog.AspNetCore.RequestLoggingMiddleware) HTTP GET /api/Collections/5/items responded 200 in 3.817ms
2026-03-01 01:00:22.540 +07:00 [INF] (Serilog.AspNetCore.RequestLoggingMiddleware) HTTP GET /api/Collections/5/items responded 200 in 2.795ms
2026-03-01 01:00:22.540 +07:00 [INF] (Serilog.AspNetCore.RequestLoggingMiddleware) HTTP GET /api/Collections/5/items responded 200 in 1.989ms
2026-03-01 01:00:22.540 +07:00 [INF] (Serilog.AspNetCore.RequestLoggingMiddleware) HTTP GET /api/Collections/5/items responded 200 in 1.897ms
2026-03-01 01:00:22.544 +07:00 [INF] (Serilog.AspNetCore.RequestLoggingMiddleware) HTTP GET /api/Collections/5/items responded 200 in 2.214ms
2026-03-01 01:00:22.544 +07:00 [INF] (Serilog.AspNetCore.RequestLoggingMiddleware) HTTP GET /api/Collections/5/items responded 200 in 2.242ms
2026-03-01 01:00:22.544 +07:00 [INF] (Serilog.AspNetCore.RequestLoggingMiddleware) HTTP GET /api/Collections/5/items responded 200 in 2.180ms
2026-03-01 01:00:24.900 +07:00 [INF] (Serilog.AspNetCore.RequestLoggingMiddleware) HTTP GET /api/Collections/5/items responded 200 in 2.785ms
2026-03-01 01:00:25.591 +07:00 [INF] (Serilog.AspNetCore.RequestLoggingMiddleware) HTTP GET /api/Collections/5/items responded 200 in 2.833ms
2026-03-01 01:00:25.629 +07:00 [INF] (Serilog.AspNetCore.RequestLoggingMiddleware) HTTP GET /api/Collections/5/items responded 200 in 5.369ms
2026-03-01 01:00:25.633 +07:00 [INF] (Serilog.AspNetCore.RequestLoggingMiddleware) HTTP GET /api/Collections/5/items responded 200 in 3.898ms
2026-03-01 01:00:25.633 +07:00 [INF] (Serilog.AspNetCore.RequestLoggingMiddleware) HTTP GET /api/Collections/5/items responded 200 in 1.822ms
2026-03-01 01:00:25.633 +07:00 [INF] (Serilog.AspNetCore.RequestLoggingMiddleware) HTTP GET /api/Collections/5/items responded 200 in 4.049ms
2026-03-01 01:00:25.639 +07:00 [INF] (Serilog.AspNetCore.RequestLoggingMiddleware) HTTP GET /api/Collections/5/items responded 200 in 3.984ms
2026-03-01 01:00:25.639 +07:00 [INF] (Serilog.AspNetCore.RequestLoggingMiddleware) HTTP GET /api/Collections/5/items responded 200 in 3.984ms
2026-03-01 01:00:26.613 +07:00 [INF] (Serilog.AspNetCore.RequestLoggingMiddleware) HTTP GET /api/Collections/5/items responded 200 in 2.872ms
2026-03-01 01:00:29.201 +07:00 [INF] (Serilog.AspNetCore.RequestLoggingMiddleware) HTTP GET /api/Collections/5/items responded 200 in 2.298ms
2026-03-01 01:00:29.239 +07:00 [INF] (Serilog.AspNetCore.RequestLoggingMiddleware) HTTP GET /api/Collections/5/items responded 200 in 2.513ms
2026-03-01 01:00:29.239 +07:00 [INF] (Serilog.AspNetCore.RequestLoggingMiddleware) HTTP GET /api/Collections/5/items responded 200 in 2.187ms
2026-03-01 01:00:29.239 +07:00 [INF] (Serilog.AspNetCore.RequestLoggingMiddleware) HTTP GET /api/Collections/5/items responded 200 in 2.560ms
2026-03-01 01:00:29.244 +07:00 [INF] (Serilog.AspNetCore.RequestLoggingMiddleware) HTTP GET /api/Collections/5/items responded 200 in 2.303ms
2026-03-01 01:00:29.244 +07:00 [INF] (Serilog.AspNetCore.RequestLoggingMiddleware) HTTP GET /api/Collections/5/items responded 200 in 2.303ms
2026-03-01 01:00:29.244 +07:00 [INF] (Serilog.AspNetCore.RequestLoggingMiddleware) HTTP GET /api/Collections/5/items responded 200 in 2.306ms
2026-03-01 01:00:30.045 +07:00 [INF] (Serilog.AspNetCore.RequestLoggingMiddleware) HTTP GET /api/Collections/5/items responded 200 in 3.077ms
2026-03-01 01:00:30.101 +07:00 [INF] (Serilog.AspNetCore.RequestLoggingMiddleware) HTTP GET /uploads/thumbs/md_26c8a3f8-b392-47fe-b6f8-8bdf6761af34.webp responded 304 in 0.101ms
2026-03-01 01:00:30.101 +07:00 [INF] (Serilog.AspNetCore.RequestLoggingMiddleware) HTTP GET /uploads/thumbs/md_278a501b-36c0-4eeb-8dc2-0ce37767fbc9.webp responded 304 in 0.263ms
2026-03-01 01:00:30.101 +07:00 [INF] (Serilog.AspNetCore.RequestLoggingMiddleware) HTTP GET /uploads/thumbs/md_ef3d5d43-1c01-44ee-83f4-7a93fe30ca45.webp responded 304 in 0.281ms
2026-03-01 01:00:30.101 +07:00 [INF] (Serilog.AspNetCore.RequestLoggingMiddleware) HTTP GET /uploads/thumbs/md_0b60ce12-a8dc-46c9-b4e9-cffe97c95bfb.webp responded 304 in 0.091ms
2026-03-01 01:00:31.384 +07:00 [INF] (Serilog.AspNetCore.RequestLoggingMiddleware) HTTP GET /api/Collections/5/items responded 200 in 2.334ms
2026-03-01 01:00:31.453 +07:00 [INF] (Serilog.AspNetCore.RequestLoggingMiddleware) HTTP GET /api/Collections/5/items responded 200 in 3.611ms
2026-03-01 01:00:31.453 +07:00 [INF] (Serilog.AspNetCore.RequestLoggingMiddleware) HTTP GET /api/Collections/5/items responded 200 in 3.614ms
2026-03-01 01:00:31.453 +07:00 [INF] (Serilog.AspNetCore.RequestLoggingMiddleware) HTTP GET /api/Collections/5/items responded 200 in 3.725ms
2026-03-01 01:00:31.461 +07:00 [INF] (Serilog.AspNetCore.RequestLoggingMiddleware) HTTP GET /api/Collections/5/items responded 200 in 5.577ms
2026-03-01 01:00:31.461 +07:00 [INF] (Serilog.AspNetCore.RequestLoggingMiddleware) HTTP GET /api/Collections/5/items responded 200 in 4.598ms
2026-03-01 01:00:31.461 +07:00 [INF] (Serilog.AspNetCore.RequestLoggingMiddleware) HTTP GET /api/Collections/5/items responded 200 in 5.601ms
2026-03-01 01:00:32.064 +07:00 [INF] (Serilog.AspNetCore.RequestLoggingMiddleware) HTTP GET /api/Collections/5/items responded 200 in 4.306ms
2026-03-01 01:00:32.132 +07:00 [INF] (Serilog.AspNetCore.RequestLoggingMiddleware) HTTP GET /uploads/thumbs/md_e12cfb2f-0567-4ae4-9ca6-3b8abeee8175.webp responded 304 in 0.294ms
2026-03-01 01:00:32.132 +07:00 [INF] (Serilog.AspNetCore.RequestLoggingMiddleware) HTTP GET /uploads/thumbs/md_b277823c-d616-48eb-a443-f500259c3eba.webp responded 304 in 0.330ms
2026-03-01 01:00:32.132 +07:00 [INF] (Serilog.AspNetCore.RequestLoggingMiddleware) HTTP GET /uploads/thumbs/md_ac173045-a823-417c-b338-43f52c4ebee4.webp responded 304 in 0.336ms
2026-03-01 01:00:32.132 +07:00 [INF] (Serilog.AspNetCore.RequestLoggingMiddleware) HTTP GET /uploads/thumbs/md_3f31eeae-85b9-416e-8934-8ca8e948a46b.webp responded 304 in 0.336ms
2026-03-01 01:00:32.983 +07:00 [INF] (Serilog.AspNetCore.RequestLoggingMiddleware) HTTP GET /api/Collections/5/items responded 200 in 2.478ms
2026-03-01 01:00:33.018 +07:00 [INF] (Serilog.AspNetCore.RequestLoggingMiddleware) HTTP GET /api/Collections/5/items responded 200 in 1.896ms
2026-03-01 01:00:33.018 +07:00 [INF] (Serilog.AspNetCore.RequestLoggingMiddleware) HTTP GET /api/Collections/5/items responded 200 in 2.350ms
2026-03-01 01:00:33.018 +07:00 [INF] (Serilog.AspNetCore.RequestLoggingMiddleware) HTTP GET /api/Collections/5/items responded 200 in 1.900ms
2026-03-01 01:00:33.024 +07:00 [INF] (Serilog.AspNetCore.RequestLoggingMiddleware) HTTP GET /api/Collections/5/items responded 200 in 3.588ms
2026-03-01 01:00:33.024 +07:00 [INF] (Serilog.AspNetCore.RequestLoggingMiddleware) HTTP GET /api/Collections/5/items responded 200 in 3.674ms
2026-03-01 01:00:33.024 +07:00 [INF] (Serilog.AspNetCore.RequestLoggingMiddleware) HTTP GET /api/Collections/5/items responded 200 in 3.563ms
2026-03-01 01:01:13.718 +07:00 [INF] (Serilog.AspNetCore.RequestLoggingMiddleware) HTTP GET /api/Collections/3/items responded 200 in 2.841ms
2026-03-01 01:01:15.096 +07:00 [INF] (Serilog.AspNetCore.RequestLoggingMiddleware) HTTP GET /api/Collections/7/items responded 200 in 1.966ms
2026-03-01 01:01:15.705 +07:00 [INF] (Serilog.AspNetCore.RequestLoggingMiddleware) HTTP GET /api/Collections/3/items responded 200 in 2.093ms
2026-03-01 01:01:16.130 +07:00 [INF] (Serilog.AspNetCore.RequestLoggingMiddleware) HTTP GET /api/Collections/7/items responded 200 in 2.259ms
2026-03-01 01:01:17.687 +07:00 [INF] (Serilog.AspNetCore.RequestLoggingMiddleware) HTTP GET /api/Collections/3/items responded 200 in 2.811ms
2026-03-01 01:01:20.040 +07:00 [INF] (Serilog.AspNetCore.RequestLoggingMiddleware) HTTP GET /api/Collections/5/items responded 200 in 2.127ms
2026-03-01 01:01:20.103 +07:00 [INF] (Serilog.AspNetCore.RequestLoggingMiddleware) HTTP GET /api/Collections/5/items responded 200 in 3.496ms
2026-03-01 01:01:20.103 +07:00 [INF] (Serilog.AspNetCore.RequestLoggingMiddleware) HTTP GET /api/Collections/5/items responded 200 in 3.733ms
2026-03-01 01:01:20.103 +07:00 [INF] (Serilog.AspNetCore.RequestLoggingMiddleware) HTTP GET /api/Collections/5/items responded 200 in 3.904ms
2026-03-01 01:01:20.110 +07:00 [INF] (Serilog.AspNetCore.RequestLoggingMiddleware) HTTP GET /api/Collections/5/items responded 200 in 3.448ms
2026-03-01 01:01:20.110 +07:00 [INF] (Serilog.AspNetCore.RequestLoggingMiddleware) HTTP GET /api/Collections/5/items responded 200 in 3.961ms
2026-03-01 01:01:20.110 +07:00 [INF] (Serilog.AspNetCore.RequestLoggingMiddleware) HTTP GET /api/Collections/5/items responded 200 in 3.963ms
2026-03-01 01:01:20.379 +07:00 [INF] (Serilog.AspNetCore.RequestLoggingMiddleware) HTTP GET /api/Collections/8/items responded 200 in 2.375ms
2026-03-01 01:01:20.431 +07:00 [INF] (Serilog.AspNetCore.RequestLoggingMiddleware) HTTP GET /uploads/thumbs/md_af62f555-b27c-4f05-a40f-211561c1ca52.webp responded 304 in 0.258ms
2026-03-01 01:01:20.431 +07:00 [INF] (Serilog.AspNetCore.RequestLoggingMiddleware) HTTP GET /uploads/thumbs/md_d4a6f633-e5da-4212-b3e2-d03b7b3dc284.webp responded 200 in 0.668ms
2026-03-01 01:01:20.431 +07:00 [INF] (Serilog.AspNetCore.RequestLoggingMiddleware) HTTP GET /uploads/thumbs/md_0a20edda-1e2f-4f5f-a404-783045056c8f.webp responded 200 in 0.662ms
2026-03-01 01:01:20.431 +07:00 [INF] (Serilog.AspNetCore.RequestLoggingMiddleware) HTTP GET /uploads/thumbs/md_b5c058bb-3952-49dc-89c5-fadc882eee31.webp responded 200 in 0.756ms
2026-03-01 01:01:32.454 +07:00 [INF] (Serilog.AspNetCore.RequestLoggingMiddleware) HTTP GET /api/Collections/5/items responded 200 in 3.052ms
2026-03-01 01:01:32.530 +07:00 [INF] (Serilog.AspNetCore.RequestLoggingMiddleware) HTTP GET /api/Collections/5/items responded 200 in 2.622ms
2026-03-01 01:01:32.534 +07:00 [INF] (Serilog.AspNetCore.RequestLoggingMiddleware) HTTP GET /api/Collections/5/items responded 200 in 3.286ms
2026-03-01 01:01:32.534 +07:00 [INF] (Serilog.AspNetCore.RequestLoggingMiddleware) HTTP GET /api/Collections/5/items responded 200 in 3.286ms
2026-03-01 01:01:32.535 +07:00 [INF] (Serilog.AspNetCore.RequestLoggingMiddleware) HTTP GET /api/Collections/5/items responded 200 in 3.008ms
2026-03-01 01:01:32.539 +07:00 [INF] (Serilog.AspNetCore.RequestLoggingMiddleware) HTTP GET /api/Collections/5/items responded 200 in 2.821ms
2026-03-01 01:01:32.539 +07:00 [INF] (Serilog.AspNetCore.RequestLoggingMiddleware) HTTP GET /api/Collections/5/items responded 200 in 2.822ms
2026-03-01 01:01:33.399 +07:00 [INF] (Serilog.AspNetCore.RequestLoggingMiddleware) HTTP GET /api/Collections/5/items responded 200 in 2.758ms
2026-03-01 01:01:33.438 +07:00 [INF] (Serilog.AspNetCore.RequestLoggingMiddleware) HTTP GET /uploads/thumbs/md_ac173045-a823-417c-b338-43f52c4ebee4.webp responded 304 in 0.231ms
2026-03-01 01:01:33.438 +07:00 [INF] (Serilog.AspNetCore.RequestLoggingMiddleware) HTTP GET /uploads/thumbs/md_b277823c-d616-48eb-a443-f500259c3eba.webp responded 304 in 0.285ms
2026-03-01 01:01:33.438 +07:00 [INF] (Serilog.AspNetCore.RequestLoggingMiddleware) HTTP GET /uploads/thumbs/md_e12cfb2f-0567-4ae4-9ca6-3b8abeee8175.webp responded 304 in 0.231ms
2026-03-01 01:01:35.131 +07:00 [INF] (Serilog.AspNetCore.RequestLoggingMiddleware) HTTP GET /api/Collections/8/items responded 200 in 2.000ms
2026-03-01 01:01:35.172 +07:00 [INF] (Serilog.AspNetCore.RequestLoggingMiddleware) HTTP GET /uploads/thumbs/md_0a20edda-1e2f-4f5f-a404-783045056c8f.webp responded 304 in 0.350ms
2026-03-01 01:01:35.172 +07:00 [INF] (Serilog.AspNetCore.RequestLoggingMiddleware) HTTP GET /uploads/thumbs/md_b5c058bb-3952-49dc-89c5-fadc882eee31.webp responded 304 in 0.347ms
2026-03-01 01:01:35.172 +07:00 [INF] (Serilog.AspNetCore.RequestLoggingMiddleware) HTTP GET /uploads/thumbs/md_d4a6f633-e5da-4212-b3e2-d03b7b3dc284.webp responded 304 in 0.515ms
2026-03-01 01:01:37.780 +07:00 [INF] (VAH.Backend.Services.LocalStorageService) File deleted: /uploads/af62f555-b27c-4f05-a40f-211561c1ca52.png
2026-03-01 01:01:37.791 +07:00 [INF] (VAH.Backend.Services.LocalStorageService) File deleted: /uploads/thumbs/sm_af62f555-b27c-4f05-a40f-211561c1ca52.webp
2026-03-01 01:01:37.801 +07:00 [INF] (VAH.Backend.Services.LocalStorageService) File deleted: /uploads/thumbs/md_af62f555-b27c-4f05-a40f-211561c1ca52.webp
2026-03-01 01:01:37.826 +07:00 [INF] (Serilog.AspNetCore.RequestLoggingMiddleware) HTTP DELETE /api/Assets/122 responded 204 in 51.094ms
2026-03-01 01:01:37.837 +07:00 [INF] (Serilog.AspNetCore.RequestLoggingMiddleware) HTTP GET /api/Collections/8/items responded 200 in 3.423ms
2026-03-01 01:01:37.844 +07:00 [INF] (Serilog.AspNetCore.RequestLoggingMiddleware) HTTP GET /api/Collections/8/items responded 200 in 3.525ms
2026-03-01 01:01:37.861 +07:00 [INF] (Serilog.AspNetCore.RequestLoggingMiddleware) HTTP GET /api/Collections/8/items responded 200 in 1.401ms
2026-03-01 01:01:39.634 +07:00 [INF] (VAH.Backend.Services.LocalStorageService) File deleted: /uploads/b5c058bb-3952-49dc-89c5-fadc882eee31.png
2026-03-01 01:01:39.639 +07:00 [INF] (VAH.Backend.Services.LocalStorageService) File deleted: /uploads/thumbs/sm_b5c058bb-3952-49dc-89c5-fadc882eee31.webp
2026-03-01 01:01:39.645 +07:00 [INF] (VAH.Backend.Services.LocalStorageService) File deleted: /uploads/thumbs/md_b5c058bb-3952-49dc-89c5-fadc882eee31.webp
2026-03-01 01:01:39.664 +07:00 [INF] (Serilog.AspNetCore.RequestLoggingMiddleware) HTTP DELETE /api/Assets/127 responded 204 in 30.922ms
2026-03-01 01:01:39.675 +07:00 [INF] (Serilog.AspNetCore.RequestLoggingMiddleware) HTTP GET /api/Collections/8/items responded 200 in 2.467ms
2026-03-01 01:01:39.682 +07:00 [INF] (Serilog.AspNetCore.RequestLoggingMiddleware) HTTP GET /api/Collections/8/items responded 200 in 4.122ms
2026-03-01 01:01:39.697 +07:00 [INF] (Serilog.AspNetCore.RequestLoggingMiddleware) HTTP GET /api/Collections/8/items responded 200 in 3.623ms
2026-03-01 01:01:40.735 +07:00 [INF] (Serilog.AspNetCore.RequestLoggingMiddleware) HTTP GET /api/Collections/5/items responded 200 in 2.181ms
2026-03-01 01:01:40.780 +07:00 [INF] (Serilog.AspNetCore.RequestLoggingMiddleware) HTTP GET /api/Collections/5/items responded 200 in 1.107ms
2026-03-01 01:01:40.780 +07:00 [INF] (Serilog.AspNetCore.RequestLoggingMiddleware) HTTP GET /api/Collections/5/items responded 200 in 1.811ms
2026-03-01 01:01:40.780 +07:00 [INF] (Serilog.AspNetCore.RequestLoggingMiddleware) HTTP GET /api/Collections/5/items responded 200 in 1.607ms
2026-03-01 01:01:40.783 +07:00 [INF] (Serilog.AspNetCore.RequestLoggingMiddleware) HTTP GET /api/Collections/5/items responded 200 in 2.131ms
2026-03-01 01:01:40.783 +07:00 [INF] (Serilog.AspNetCore.RequestLoggingMiddleware) HTTP GET /api/Collections/5/items responded 200 in 2.129ms
2026-03-01 01:01:40.783 +07:00 [INF] (Serilog.AspNetCore.RequestLoggingMiddleware) HTTP GET /api/Collections/5/items responded 200 in 2.085ms
2026-03-01 01:01:41.386 +07:00 [INF] (Serilog.AspNetCore.RequestLoggingMiddleware) HTTP GET /api/Collections/5/items responded 200 in 2.902ms
2026-03-01 01:01:41.451 +07:00 [INF] (Serilog.AspNetCore.RequestLoggingMiddleware) HTTP GET /uploads/thumbs/md_e12cfb2f-0567-4ae4-9ca6-3b8abeee8175.webp responded 304 in 0.376ms
2026-03-01 01:01:41.451 +07:00 [INF] (Serilog.AspNetCore.RequestLoggingMiddleware) HTTP GET /uploads/thumbs/md_ac173045-a823-417c-b338-43f52c4ebee4.webp responded 304 in 0.160ms
2026-03-01 01:01:41.451 +07:00 [INF] (Serilog.AspNetCore.RequestLoggingMiddleware) HTTP GET /uploads/thumbs/md_b277823c-d616-48eb-a443-f500259c3eba.webp responded 304 in 0.149ms
2026-03-01 01:01:42.294 +07:00 [INF] (Serilog.AspNetCore.RequestLoggingMiddleware) HTTP GET /api/Collections/8/items responded 200 in 2.231ms
2026-03-01 01:01:44.595 +07:00 [INF] (VAH.Backend.Services.LocalStorageService) File deleted: /uploads/d4a6f633-e5da-4212-b3e2-d03b7b3dc284.png
2026-03-01 01:01:44.603 +07:00 [INF] (VAH.Backend.Services.LocalStorageService) File deleted: /uploads/thumbs/sm_d4a6f633-e5da-4212-b3e2-d03b7b3dc284.webp
2026-03-01 01:01:44.609 +07:00 [INF] (VAH.Backend.Services.LocalStorageService) File deleted: /uploads/thumbs/md_d4a6f633-e5da-4212-b3e2-d03b7b3dc284.webp
2026-03-01 01:01:44.620 +07:00 [INF] (Serilog.AspNetCore.RequestLoggingMiddleware) HTTP DELETE /api/Assets/129 responded 204 in 28.133ms
2026-03-01 01:01:44.633 +07:00 [INF] (Serilog.AspNetCore.RequestLoggingMiddleware) HTTP GET /api/Collections/8/items responded 200 in 3.975ms
2026-03-01 01:01:44.641 +07:00 [INF] (Serilog.AspNetCore.RequestLoggingMiddleware) HTTP GET /api/Collections/8/items responded 200 in 4.478ms
2026-03-01 01:01:44.684 +07:00 [INF] (Serilog.AspNetCore.RequestLoggingMiddleware) HTTP GET /api/Collections/8/items responded 200 in 3.018ms
2026-03-01 01:01:46.293 +07:00 [INF] (VAH.Backend.Services.LocalStorageService) File deleted: /uploads/0a20edda-1e2f-4f5f-a404-783045056c8f.png
2026-03-01 01:01:46.299 +07:00 [INF] (VAH.Backend.Services.LocalStorageService) File deleted: /uploads/thumbs/sm_0a20edda-1e2f-4f5f-a404-783045056c8f.webp
2026-03-01 01:01:46.304 +07:00 [INF] (VAH.Backend.Services.LocalStorageService) File deleted: /uploads/thumbs/md_0a20edda-1e2f-4f5f-a404-783045056c8f.webp
2026-03-01 01:01:46.321 +07:00 [INF] (Serilog.AspNetCore.RequestLoggingMiddleware) HTTP DELETE /api/Assets/130 responded 204 in 29.859ms
2026-03-01 01:01:46.328 +07:00 [INF] (Serilog.AspNetCore.RequestLoggingMiddleware) HTTP GET /api/Collections/8/items responded 200 in 1.914ms
2026-03-01 01:01:46.332 +07:00 [INF] (Serilog.AspNetCore.RequestLoggingMiddleware) HTTP GET /api/Collections/8/items responded 200 in 1.855ms
2026-03-01 01:01:46.358 +07:00 [INF] (Serilog.AspNetCore.RequestLoggingMiddleware) HTTP GET /api/Collections/8/items responded 200 in 3.677ms
2026-03-01 01:01:48.464 +07:00 [INF] (Serilog.AspNetCore.RequestLoggingMiddleware) HTTP GET /api/collections/8/permissions responded 200 in 44.718ms
2026-03-01 01:01:48.473 +07:00 [INF] (Serilog.AspNetCore.RequestLoggingMiddleware) HTTP GET /api/collections/8/permissions responded 200 in 6.606ms
2026-03-01 01:01:50.059 +07:00 [INF] (VAH.Backend.Services.PermissionService) Revoked permission 2 from user 957c542d-91fd-4207-b049-1fa59c70fd20 on collection 8
2026-03-01 01:01:50.065 +07:00 [INF] (Serilog.AspNetCore.RequestLoggingMiddleware) HTTP DELETE /api/collections/8/permissions/2 responded 204 in 34.594ms
2026-03-01 01:01:50.072 +07:00 [INF] (Serilog.AspNetCore.RequestLoggingMiddleware) HTTP GET /api/collections/8/permissions responded 200 in 1.062ms
2026-03-01 01:01:53.064 +07:00 [INF] (Serilog.AspNetCore.RequestLoggingMiddleware) HTTP GET /api/Collections/7/items responded 200 in 2.666ms
2026-03-01 01:01:53.384 +07:00 [INF] (Serilog.AspNetCore.RequestLoggingMiddleware) HTTP GET /api/Collections/3/items responded 200 in 4.845ms
2026-03-01 01:01:53.694 +07:00 [INF] (Serilog.AspNetCore.RequestLoggingMiddleware) HTTP GET /api/Collections/5/items responded 200 in 2.078ms
2026-03-01 01:01:53.778 +07:00 [INF] (Serilog.AspNetCore.RequestLoggingMiddleware) HTTP GET /api/Collections/5/items responded 200 in 3.669ms
2026-03-01 01:01:53.781 +07:00 [INF] (Serilog.AspNetCore.RequestLoggingMiddleware) HTTP GET /api/Collections/5/items responded 200 in 2.090ms
2026-03-01 01:01:53.781 +07:00 [INF] (Serilog.AspNetCore.RequestLoggingMiddleware) HTTP GET /api/Collections/5/items responded 200 in 2.595ms
2026-03-01 01:01:53.781 +07:00 [INF] (Serilog.AspNetCore.RequestLoggingMiddleware) HTTP GET /api/Collections/5/items responded 200 in 2.596ms
2026-03-01 01:01:53.788 +07:00 [INF] (Serilog.AspNetCore.RequestLoggingMiddleware) HTTP GET /api/Collections/5/items responded 200 in 4.504ms
2026-03-01 01:01:53.788 +07:00 [INF] (Serilog.AspNetCore.RequestLoggingMiddleware) HTTP GET /api/Collections/5/items responded 200 in 4.739ms
2026-03-01 01:01:54.295 +07:00 [INF] (Serilog.AspNetCore.RequestLoggingMiddleware) HTTP GET /api/Collections/2/items responded 200 in 2.773ms
2026-03-01 01:01:54.819 +07:00 [INF] (Serilog.AspNetCore.RequestLoggingMiddleware) HTTP GET /api/Collections/5/items responded 200 in 2.935ms
2026-03-01 01:01:54.884 +07:00 [INF] (Serilog.AspNetCore.RequestLoggingMiddleware) HTTP GET /api/Collections/5/items responded 200 in 1.931ms
2026-03-01 01:01:54.884 +07:00 [INF] (Serilog.AspNetCore.RequestLoggingMiddleware) HTTP GET /api/Collections/5/items responded 200 in 2.500ms
2026-03-01 01:01:54.884 +07:00 [INF] (Serilog.AspNetCore.RequestLoggingMiddleware) HTTP GET /api/Collections/5/items responded 200 in 2.407ms
2026-03-01 01:01:54.889 +07:00 [INF] (Serilog.AspNetCore.RequestLoggingMiddleware) HTTP GET /api/Collections/5/items responded 200 in 2.584ms
2026-03-01 01:01:54.889 +07:00 [INF] (Serilog.AspNetCore.RequestLoggingMiddleware) HTTP GET /api/Collections/5/items responded 200 in 2.589ms
2026-03-01 01:01:54.889 +07:00 [INF] (Serilog.AspNetCore.RequestLoggingMiddleware) HTTP GET /api/Collections/5/items responded 200 in 2.630ms
2026-03-01 01:01:55.240 +07:00 [INF] (Serilog.AspNetCore.RequestLoggingMiddleware) HTTP GET /api/Collections/3/items responded 200 in 2.978ms
2026-03-01 01:01:55.769 +07:00 [INF] (Serilog.AspNetCore.RequestLoggingMiddleware) HTTP GET /api/Collections/5/items responded 200 in 2.009ms
2026-03-01 01:01:55.815 +07:00 [INF] (Serilog.AspNetCore.RequestLoggingMiddleware) HTTP GET /api/Collections/5/items responded 200 in 2.190ms
2026-03-01 01:01:55.815 +07:00 [INF] (Serilog.AspNetCore.RequestLoggingMiddleware) HTTP GET /api/Collections/5/items responded 200 in 2.197ms
2026-03-01 01:01:55.815 +07:00 [INF] (Serilog.AspNetCore.RequestLoggingMiddleware) HTTP GET /api/Collections/5/items responded 200 in 2.189ms
2026-03-01 01:01:55.822 +07:00 [INF] (Serilog.AspNetCore.RequestLoggingMiddleware) HTTP GET /api/Collections/5/items responded 200 in 3.021ms
2026-03-01 01:01:55.822 +07:00 [INF] (Serilog.AspNetCore.RequestLoggingMiddleware) HTTP GET /api/Collections/5/items responded 200 in 3.033ms
2026-03-01 01:01:55.822 +07:00 [INF] (Serilog.AspNetCore.RequestLoggingMiddleware) HTTP GET /api/Collections/5/items responded 200 in 3.033ms
2026-03-01 01:01:56.440 +07:00 [INF] (Serilog.AspNetCore.RequestLoggingMiddleware) HTTP GET /api/Collections/2/items responded 200 in 3.871ms
2026-03-01 01:01:58.477 +07:00 [INF] (Serilog.AspNetCore.RequestLoggingMiddleware) HTTP GET /api/Collections/5/items responded 200 in 2.472ms
2026-03-01 01:01:58.522 +07:00 [INF] (Serilog.AspNetCore.RequestLoggingMiddleware) HTTP GET /api/Collections/5/items responded 200 in 3.057ms
2026-03-01 01:01:58.522 +07:00 [INF] (Serilog.AspNetCore.RequestLoggingMiddleware) HTTP GET /api/Collections/5/items responded 200 in 3.104ms
2026-03-01 01:01:58.525 +07:00 [INF] (Serilog.AspNetCore.RequestLoggingMiddleware) HTTP GET /api/Collections/5/items responded 200 in 3.033ms
2026-03-01 01:01:58.526 +07:00 [INF] (Serilog.AspNetCore.RequestLoggingMiddleware) HTTP GET /api/Collections/5/items responded 200 in 1.705ms
2026-03-01 01:01:58.526 +07:00 [INF] (Serilog.AspNetCore.RequestLoggingMiddleware) HTTP GET /api/Collections/5/items responded 200 in 1.752ms
2026-03-01 01:01:58.530 +07:00 [INF] (Serilog.AspNetCore.RequestLoggingMiddleware) HTTP GET /api/Collections/5/items responded 200 in 3.247ms
2026-03-01 01:01:58.996 +07:00 [INF] (Serilog.AspNetCore.RequestLoggingMiddleware) HTTP GET /api/Collections/3/items responded 200 in 4.570ms
2026-03-01 01:01:59.406 +07:00 [INF] (Serilog.AspNetCore.RequestLoggingMiddleware) HTTP GET /api/Collections/7/items responded 200 in 2.467ms
2026-03-01 01:02:00.304 +07:00 [INF] (Serilog.AspNetCore.RequestLoggingMiddleware) HTTP GET /api/Collections/3/items responded 200 in 2.324ms
2026-03-01 01:02:00.751 +07:00 [INF] (Serilog.AspNetCore.RequestLoggingMiddleware) HTTP GET /api/Collections/7/items responded 200 in 2.526ms
2026-03-01 01:02:01.034 +07:00 [INF] (Serilog.AspNetCore.RequestLoggingMiddleware) HTTP GET /api/Collections/8/items responded 200 in 3.014ms
2026-03-01 01:02:01.558 +07:00 [INF] (Serilog.AspNetCore.RequestLoggingMiddleware) HTTP GET /api/Collections/2/items responded 200 in 4.490ms
2026-03-01 01:02:01.913 +07:00 [INF] (Serilog.AspNetCore.RequestLoggingMiddleware) HTTP GET /api/Collections/1/items responded 200 in 3.653ms
2026-03-01 02:22:54.722 +07:00 [INF] (VAH.Backend.Hubs.AssetHub) SignalR: User 306883b5-2e60-4a40-b2b4-81ebac512207 disconnected
2026-03-01 02:22:54.722 +07:00 [INF] (VAH.Backend.Hubs.AssetHub) SignalR: User 957c542d-91fd-4207-b049-1fa59c70fd20 disconnected
2026-03-01 02:22:54.722 +07:00 [INF] (VAH.Backend.Hubs.AssetHub) SignalR: User 306883b5-2e60-4a40-b2b4-81ebac512207 disconnected
2026-03-01 02:22:54.726 +07:00 [WRN] (Serilog.AspNetCore.RequestLoggingMiddleware) HTTP GET /hubs/assets responded 101 in 9724336.053ms
2026-03-01 02:22:54.729 +07:00 [WRN] (Serilog.AspNetCore.RequestLoggingMiddleware) HTTP GET /hubs/assets responded 101 in 9762618.595ms
2026-03-01 02:22:54.732 +07:00 [WRN] (Serilog.AspNetCore.RequestLoggingMiddleware) HTTP GET /hubs/assets responded 101 in 9724354.117ms
2026-03-01 02:22:55.402 +07:00 [INF] (Serilog.AspNetCore.RequestLoggingMiddleware) HTTP POST /hubs/assets/negotiate responded 200 in 1.872ms
2026-03-01 02:22:55.402 +07:00 [INF] (Serilog.AspNetCore.RequestLoggingMiddleware) HTTP POST /hubs/assets/negotiate responded 200 in 1.575ms
2026-03-01 02:22:55.423 +07:00 [INF] (Serilog.AspNetCore.RequestLoggingMiddleware) HTTP GET /api/Tags responded 200 in 3.232ms
2026-03-01 02:22:55.424 +07:00 [INF] (Serilog.AspNetCore.RequestLoggingMiddleware) HTTP GET /api/Collections responded 200 in 5.878ms
2026-03-01 02:22:55.426 +07:00 [INF] (Serilog.AspNetCore.RequestLoggingMiddleware) HTTP GET /api/Tags responded 200 in 1.488ms
2026-03-01 02:22:55.426 +07:00 [INF] (Serilog.AspNetCore.RequestLoggingMiddleware) HTTP GET /api/SmartCollections responded 200 in 5.682ms
2026-03-01 02:22:55.427 +07:00 [INF] (Serilog.AspNetCore.RequestLoggingMiddleware) HTTP GET /api/Collections responded 200 in 1.098ms
2026-03-01 02:22:55.432 +07:00 [INF] (Serilog.AspNetCore.RequestLoggingMiddleware) HTTP GET /api/SmartCollections responded 200 in 4.604ms
2026-03-01 02:22:55.539 +07:00 [INF] (VAH.Backend.Hubs.AssetHub) SignalR: User 306883b5-2e60-4a40-b2b4-81ebac512207 connected (ConnectionId=T2xYZ8a4ohshJtR1YH-uow)
2026-03-01 02:22:55.545 +07:00 [INF] (Serilog.AspNetCore.RequestLoggingMiddleware) HTTP GET /api/Collections/1/items responded 200 in 4.521ms
2026-03-01 02:22:55.547 +07:00 [INF] (VAH.Backend.Hubs.AssetHub) SignalR: User 306883b5-2e60-4a40-b2b4-81ebac512207 connected (ConnectionId=gbpLRO__GqgCi5Fet8lZMg)
2026-03-01 03:28:48.819 +07:00 [INF] (VAH.Backend.Hubs.AssetHub) SignalR: User 306883b5-2e60-4a40-b2b4-81ebac512207 disconnected
2026-03-01 03:28:48.819 +07:00 [INF] (VAH.Backend.Hubs.AssetHub) SignalR: User 306883b5-2e60-4a40-b2b4-81ebac512207 disconnected
2026-03-01 03:28:48.823 +07:00 [WRN] (Serilog.AspNetCore.RequestLoggingMiddleware) HTTP GET /hubs/assets responded 101 in 3953304.901ms
2026-03-01 03:28:48.824 +07:00 [WRN] (Serilog.AspNetCore.RequestLoggingMiddleware) HTTP GET /hubs/assets responded 101 in 3953288.627ms
2026-03-01 03:28:49.537 +07:00 [INF] (Serilog.AspNetCore.RequestLoggingMiddleware) HTTP POST /hubs/assets/negotiate responded 200 in 1.294ms
2026-03-01 03:28:49.538 +07:00 [INF] (Serilog.AspNetCore.RequestLoggingMiddleware) HTTP POST /hubs/assets/negotiate responded 200 in 1.052ms
2026-03-01 03:28:49.566 +07:00 [INF] (Serilog.AspNetCore.RequestLoggingMiddleware) HTTP GET /api/Collections responded 200 in 11.965ms
2026-03-01 03:28:49.566 +07:00 [INF] (Serilog.AspNetCore.RequestLoggingMiddleware) HTTP GET /api/Tags responded 200 in 8.546ms
2026-03-01 03:28:49.573 +07:00 [INF] (Serilog.AspNetCore.RequestLoggingMiddleware) HTTP GET /api/SmartCollections responded 200 in 15.462ms
2026-03-01 03:28:49.576 +07:00 [INF] (Serilog.AspNetCore.RequestLoggingMiddleware) HTTP GET /api/Collections responded 200 in 3.918ms
2026-03-01 03:28:49.585 +07:00 [INF] (Serilog.AspNetCore.RequestLoggingMiddleware) HTTP GET /api/Tags responded 200 in 13.536ms
2026-03-01 03:28:49.612 +07:00 [INF] (Serilog.AspNetCore.RequestLoggingMiddleware) HTTP GET /api/SmartCollections responded 200 in 35.555ms
2026-03-01 03:28:49.765 +07:00 [INF] (Serilog.AspNetCore.RequestLoggingMiddleware) HTTP GET /api/Collections/1/items responded 200 in 11.607ms
2026-03-01 03:28:49.778 +07:00 [INF] (VAH.Backend.Hubs.AssetHub) SignalR: User 306883b5-2e60-4a40-b2b4-81ebac512207 connected (ConnectionId=p7hoYrzFsqQFTKnJE3qRXg)
2026-03-01 03:28:49.778 +07:00 [INF] (VAH.Backend.Hubs.AssetHub) SignalR: User 306883b5-2e60-4a40-b2b4-81ebac512207 connected (ConnectionId=3wLZZAt2s5bnz4eTrO82ug)
2026-03-01 03:28:49.794 +07:00 [INF] (Serilog.AspNetCore.RequestLoggingMiddleware) HTTP GET /api/Collections/1/items responded 200 in 11.520ms
2026-03-01 03:37:06.529 +07:00 [INF] (VAH.Backend.Hubs.AssetHub) SignalR: User 306883b5-2e60-4a40-b2b4-81ebac512207 disconnected
2026-03-01 03:37:06.540 +07:00 [WRN] (Serilog.AspNetCore.RequestLoggingMiddleware) HTTP GET /hubs/assets responded 101 in 496862.434ms
