2026-02-28 02:08:45.627 +07:00 [INF] () Starting VAH Backend...
2026-02-28 02:08:45.945 +07:00 [INF] () Using in-memory distributed cache (no Redis configured)
2026-02-28 02:08:48.269 +07:00 [ERR] (Microsoft.Extensions.Hosting.Internal.Host) Hosting failed to start
System.IO.IOException: Failed to bind to address http://127.0.0.1:5027: address already in use.
 ---> Microsoft.AspNetCore.Connections.AddressInUseException: Only one usage of each socket address (protocol/network address/port) is normally permitted.
 ---> System.Net.Sockets.SocketException (10048): Only one usage of each socket address (protocol/network address/port) is normally permitted.
   at System.Net.Sockets.Socket.UpdateStatusAfterSocketErrorAndThrowException(SocketError error, Boolean disconnectOnFailure, String callerName)
   at System.Net.Sockets.Socket.DoBind(EndPoint endPointSnapshot, SocketAddress socketAddress)
   at System.Net.Sockets.Socket.Bind(EndPoint localEP)
   at Microsoft.AspNetCore.Server.Kestrel.Transport.Sockets.SocketTransportOptions.CreateDefaultBoundListenSocket(EndPoint endpoint)
   at Microsoft.AspNetCore.Server.Kestrel.Transport.Sockets.SocketConnectionListener.Bind()
   --- End of inner exception stack trace ---
   at Microsoft.AspNetCore.Server.Kestrel.Transport.Sockets.SocketConnectionListener.Bind()
   at Microsoft.AspNetCore.Server.Kestrel.Transport.Sockets.SocketTransportFactory.BindAsync(EndPoint endpoint, CancellationToken cancellationToken)
   at Microsoft.AspNetCore.Server.Kestrel.Core.Internal.Infrastructure.TransportManager.BindAsync(EndPoint endPoint, ConnectionDelegate connectionDelegate, EndpointConfig endpointConfig, CancellationToken cancellationToken)
   at Microsoft.AspNetCore.Server.Kestrel.Core.KestrelServerImpl.<>c__DisplayClass28_0`1.<<StartAsync>g__OnBind|0>d.MoveNext()
--- End of stack trace from previous location ---
   at Microsoft.AspNetCore.Server.Kestrel.Core.Internal.AddressBinder.BindEndpointAsync(ListenOptions endpoint, AddressBindContext context, CancellationToken cancellationToken)
   --- End of inner exception stack trace ---
   at Microsoft.AspNetCore.Server.Kestrel.Core.Internal.AddressBinder.BindEndpointAsync(ListenOptions endpoint, AddressBindContext context, CancellationToken cancellationToken)
   at Microsoft.AspNetCore.Server.Kestrel.Core.LocalhostListenOptions.BindAsync(AddressBindContext context, CancellationToken cancellationToken)
   at Microsoft.AspNetCore.Server.Kestrel.Core.Internal.AddressBinder.AddressesStrategy.BindAsync(AddressBindContext context, CancellationToken cancellationToken)
   at Microsoft.AspNetCore.Server.Kestrel.Core.KestrelServerImpl.BindAsync(CancellationToken cancellationToken)
   at Microsoft.AspNetCore.Server.Kestrel.Core.KestrelServerImpl.StartAsync[TContext](IHttpApplication`1 application, CancellationToken cancellationToken)
   at Microsoft.AspNetCore.Hosting.GenericWebHostService.StartAsync(CancellationToken cancellationToken)
   at Microsoft.Extensions.Hosting.Internal.Host.<StartAsync>b__14_1(IHostedService service, CancellationToken token)
   at Microsoft.Extensions.Hosting.Internal.Host.ForeachService[T](IEnumerable`1 services, CancellationToken token, Boolean concurrent, Boolean abortOnFirstException, List`1 exceptions, Func`3 operation)
2026-02-28 02:08:48.301 +07:00 [FTL] () VAH Backend terminated unexpectedly
System.IO.IOException: Failed to bind to address http://127.0.0.1:5027: address already in use.
 ---> Microsoft.AspNetCore.Connections.AddressInUseException: Only one usage of each socket address (protocol/network address/port) is normally permitted.
 ---> System.Net.Sockets.SocketException (10048): Only one usage of each socket address (protocol/network address/port) is normally permitted.
   at System.Net.Sockets.Socket.UpdateStatusAfterSocketErrorAndThrowException(SocketError error, Boolean disconnectOnFailure, String callerName)
   at System.Net.Sockets.Socket.DoBind(EndPoint endPointSnapshot, SocketAddress socketAddress)
   at System.Net.Sockets.Socket.Bind(EndPoint localEP)
   at Microsoft.AspNetCore.Server.Kestrel.Transport.Sockets.SocketTransportOptions.CreateDefaultBoundListenSocket(EndPoint endpoint)
   at Microsoft.AspNetCore.Server.Kestrel.Transport.Sockets.SocketConnectionListener.Bind()
   --- End of inner exception stack trace ---
   at Microsoft.AspNetCore.Server.Kestrel.Transport.Sockets.SocketConnectionListener.Bind()
   at Microsoft.AspNetCore.Server.Kestrel.Transport.Sockets.SocketTransportFactory.BindAsync(EndPoint endpoint, CancellationToken cancellationToken)
   at Microsoft.AspNetCore.Server.Kestrel.Core.Internal.Infrastructure.TransportManager.BindAsync(EndPoint endPoint, ConnectionDelegate connectionDelegate, EndpointConfig endpointConfig, CancellationToken cancellationToken)
   at Microsoft.AspNetCore.Server.Kestrel.Core.KestrelServerImpl.<>c__DisplayClass28_0`1.<<StartAsync>g__OnBind|0>d.MoveNext()
--- End of stack trace from previous location ---
   at Microsoft.AspNetCore.Server.Kestrel.Core.Internal.AddressBinder.BindEndpointAsync(ListenOptions endpoint, AddressBindContext context, CancellationToken cancellationToken)
   --- End of inner exception stack trace ---
   at Microsoft.AspNetCore.Server.Kestrel.Core.Internal.AddressBinder.BindEndpointAsync(ListenOptions endpoint, AddressBindContext context, CancellationToken cancellationToken)
   at Microsoft.AspNetCore.Server.Kestrel.Core.LocalhostListenOptions.BindAsync(AddressBindContext context, CancellationToken cancellationToken)
   at Microsoft.AspNetCore.Server.Kestrel.Core.Internal.AddressBinder.AddressesStrategy.BindAsync(AddressBindContext context, CancellationToken cancellationToken)
   at Microsoft.AspNetCore.Server.Kestrel.Core.KestrelServerImpl.BindAsync(CancellationToken cancellationToken)
   at Microsoft.AspNetCore.Server.Kestrel.Core.KestrelServerImpl.StartAsync[TContext](IHttpApplication`1 application, CancellationToken cancellationToken)
   at Microsoft.AspNetCore.Hosting.GenericWebHostService.StartAsync(CancellationToken cancellationToken)
   at Microsoft.Extensions.Hosting.Internal.Host.<StartAsync>b__14_1(IHostedService service, CancellationToken token)
   at Microsoft.Extensions.Hosting.Internal.Host.ForeachService[T](IEnumerable`1 services, CancellationToken token, Boolean concurrent, Boolean abortOnFirstException, List`1 exceptions, Func`3 operation)
   at Microsoft.Extensions.Hosting.Internal.Host.StartAsync(CancellationToken cancellationToken)
   at Microsoft.Extensions.Hosting.HostingAbstractionsHostExtensions.RunAsync(IHost host, CancellationToken token)
   at Microsoft.Extensions.Hosting.HostingAbstractionsHostExtensions.RunAsync(IHost host, CancellationToken token)
   at Microsoft.Extensions.Hosting.HostingAbstractionsHostExtensions.Run(IHost host)
   at Program.<Main>$(String[] args) in B:\1A\VAH.Backend\Program.cs:line 107
2026-02-28 02:09:38.913 +07:00 [INF] () Starting VAH Backend...
2026-02-28 02:09:39.230 +07:00 [INF] () Using in-memory distributed cache (no Redis configured)
2026-02-28 02:09:40.835 +07:00 [INF] (Microsoft.Hosting.Lifetime) Now listening on: http://localhost:5027
2026-02-28 02:09:40.840 +07:00 [INF] (Microsoft.Hosting.Lifetime) Application started. Press Ctrl+C to shut down.
2026-02-28 02:09:40.842 +07:00 [INF] (Microsoft.Hosting.Lifetime) Hosting environment: Development
2026-02-28 02:09:40.843 +07:00 [INF] (Microsoft.Hosting.Lifetime) Content root path: B:\1A\VAH.Backend
2026-02-28 02:09:49.044 +07:00 [INF] (Serilog.AspNetCore.RequestLoggingMiddleware) HTTP POST /hubs/assets/negotiate responded 200 in 109.163ms
2026-02-28 02:09:49.078 +07:00 [INF] (VAH.Backend.Hubs.AssetHub) SignalR: User 306883b5-2e60-4a40-b2b4-81ebac512207 connected (ConnectionId=i5f0FgtSmpnt_6wsQXPxwg)
2026-02-28 02:12:54.599 +07:00 [INF] (VAH.Backend.Hubs.AssetHub) SignalR: User 306883b5-2e60-4a40-b2b4-81ebac512207 disconnected
2026-02-28 02:12:54.604 +07:00 [WRN] (Serilog.AspNetCore.RequestLoggingMiddleware) HTTP GET /hubs/assets responded 101 in 185557.782ms
2026-02-28 02:12:55.137 +07:00 [INF] (Serilog.AspNetCore.RequestLoggingMiddleware) HTTP POST /hubs/assets/negotiate responded 200 in 5.561ms
2026-02-28 02:12:55.137 +07:00 [INF] (Serilog.AspNetCore.RequestLoggingMiddleware) HTTP POST /hubs/assets/negotiate responded 200 in 4.716ms
2026-02-28 02:12:55.165 +07:00 [INF] (VAH.Backend.Hubs.AssetHub) SignalR: User 306883b5-2e60-4a40-b2b4-81ebac512207 connected (ConnectionId=nckjSftEd2QwXFBVr47gTQ)
2026-02-28 02:12:55.180 +07:00 [INF] (VAH.Backend.Hubs.AssetHub) SignalR: User 306883b5-2e60-4a40-b2b4-81ebac512207 connected (ConnectionId=YBS0shb4ovp5pLnk90MakQ)
2026-02-28 02:12:55.494 +07:00 [INF] (Serilog.AspNetCore.RequestLoggingMiddleware) HTTP GET /api/Tags responded 200 in 346.968ms
2026-02-28 02:12:55.494 +07:00 [INF] (Serilog.AspNetCore.RequestLoggingMiddleware) HTTP GET /api/SmartCollections responded 200 in 340.588ms
2026-02-28 02:12:55.519 +07:00 [INF] (Serilog.AspNetCore.RequestLoggingMiddleware) HTTP GET /api/Collections responded 200 in 372.035ms
2026-02-28 02:12:55.532 +07:00 [INF] (Serilog.AspNetCore.RequestLoggingMiddleware) HTTP GET /api/Collections responded 200 in 11.288ms
2026-02-28 02:12:55.546 +07:00 [INF] (Serilog.AspNetCore.RequestLoggingMiddleware) HTTP GET /api/Tags responded 200 in 51.087ms
2026-02-28 02:12:55.549 +07:00 [INF] (Serilog.AspNetCore.RequestLoggingMiddleware) HTTP GET /api/SmartCollections responded 200 in 54.439ms
2026-02-28 02:12:55.734 +07:00 [INF] (Serilog.AspNetCore.RequestLoggingMiddleware) HTTP GET /api/Collections/2/items responded 200 in 180.617ms
2026-02-28 02:12:55.742 +07:00 [INF] (Serilog.AspNetCore.RequestLoggingMiddleware) HTTP GET /api/Collections/2/items responded 200 in 6.754ms
2026-02-28 02:12:57.720 +07:00 [INF] (Serilog.AspNetCore.RequestLoggingMiddleware) HTTP GET /api/Collections/3/items responded 200 in 29.359ms
2026-02-28 02:12:58.167 +07:00 [INF] (Serilog.AspNetCore.RequestLoggingMiddleware) HTTP GET /api/Collections/1/items responded 200 in 4.367ms
2026-02-28 02:12:58.197 +07:00 [INF] (Serilog.AspNetCore.RequestLoggingMiddleware) HTTP GET /uploads/thumbs/md_be3e5d2f-1633-4e44-a17a-e07e094b22e8.webp responded 200 in 32.893ms
2026-02-28 02:12:58.731 +07:00 [INF] (Serilog.AspNetCore.RequestLoggingMiddleware) HTTP GET /api/Collections/2/items responded 200 in 5.273ms
2026-02-28 02:12:59.128 +07:00 [INF] (Serilog.AspNetCore.RequestLoggingMiddleware) HTTP GET /api/Collections/1/items responded 200 in 4.948ms
2026-02-28 02:13:02.637 +07:00 [INF] (VAH.Backend.Hubs.AssetHub) SignalR: User 306883b5-2e60-4a40-b2b4-81ebac512207 disconnected
2026-02-28 02:13:02.638 +07:00 [INF] (VAH.Backend.Hubs.AssetHub) SignalR: User 306883b5-2e60-4a40-b2b4-81ebac512207 disconnected
2026-02-28 02:13:02.640 +07:00 [WRN] (Serilog.AspNetCore.RequestLoggingMiddleware) HTTP GET /hubs/assets responded 101 in 7468.368ms
2026-02-28 02:13:02.642 +07:00 [WRN] (Serilog.AspNetCore.RequestLoggingMiddleware) HTTP GET /hubs/assets responded 101 in 7487.922ms
2026-02-28 02:13:03.443 +07:00 [INF] (Serilog.AspNetCore.RequestLoggingMiddleware) HTTP POST /hubs/assets/negotiate responded 200 in 0.793ms
2026-02-28 02:13:03.443 +07:00 [INF] (Serilog.AspNetCore.RequestLoggingMiddleware) HTTP POST /hubs/assets/negotiate responded 200 in 0.676ms
2026-02-28 02:13:03.452 +07:00 [INF] (Serilog.AspNetCore.RequestLoggingMiddleware) HTTP GET /api/Collections responded 200 in 1.555ms
2026-02-28 02:13:03.457 +07:00 [INF] (Serilog.AspNetCore.RequestLoggingMiddleware) HTTP GET /api/Tags responded 200 in 5.273ms
2026-02-28 02:13:03.458 +07:00 [INF] (Serilog.AspNetCore.RequestLoggingMiddleware) HTTP GET /api/SmartCollections responded 200 in 5.730ms
2026-02-28 02:13:03.462 +07:00 [INF] (Serilog.AspNetCore.RequestLoggingMiddleware) HTTP GET /api/Collections responded 200 in 1.577ms
2026-02-28 02:13:03.463 +07:00 [INF] (Serilog.AspNetCore.RequestLoggingMiddleware) HTTP GET /api/Tags responded 200 in 2.187ms
2026-02-28 02:13:03.470 +07:00 [INF] (Serilog.AspNetCore.RequestLoggingMiddleware) HTTP GET /api/SmartCollections responded 200 in 6.905ms
2026-02-28 02:13:03.550 +07:00 [INF] (Serilog.AspNetCore.RequestLoggingMiddleware) HTTP GET /api/Collections/1/items responded 200 in 6.998ms
2026-02-28 02:13:03.580 +07:00 [INF] (Serilog.AspNetCore.RequestLoggingMiddleware) HTTP GET /api/Collections/1/items responded 200 in 9.982ms
2026-02-28 02:13:03.597 +07:00 [INF] (VAH.Backend.Hubs.AssetHub) SignalR: User 306883b5-2e60-4a40-b2b4-81ebac512207 connected (ConnectionId=sKqXVis7C8zCoY-XE8a2nw)
2026-02-28 02:13:03.637 +07:00 [INF] (VAH.Backend.Hubs.AssetHub) SignalR: User 306883b5-2e60-4a40-b2b4-81ebac512207 connected (ConnectionId=kWHfmYz41Dm9d8EY5eVMYA)
2026-02-28 02:13:11.485 +07:00 [INF] (Serilog.AspNetCore.RequestLoggingMiddleware) HTTP GET /swagger/index.html responded 304 in 50.647ms
2026-02-28 02:13:11.521 +07:00 [INF] (Serilog.AspNetCore.RequestLoggingMiddleware) HTTP GET /swagger/index.js responded 304 in 0.552ms
2026-02-28 02:13:11.524 +07:00 [INF] (Serilog.AspNetCore.RequestLoggingMiddleware) HTTP GET /swagger/index.css responded 304 in 4.446ms
2026-02-28 02:13:11.524 +07:00 [INF] (Serilog.AspNetCore.RequestLoggingMiddleware) HTTP GET /swagger/swagger-ui.css responded 304 in 4.633ms
2026-02-28 02:13:11.525 +07:00 [INF] (Serilog.AspNetCore.RequestLoggingMiddleware) HTTP GET /swagger/swagger-ui-standalone-preset.js responded 304 in 4.478ms
2026-02-28 02:13:11.528 +07:00 [INF] (Serilog.AspNetCore.RequestLoggingMiddleware) HTTP GET /swagger/swagger-ui-bundle.js responded 304 in 7.837ms
2026-02-28 02:13:11.974 +07:00 [INF] (Serilog.AspNetCore.RequestLoggingMiddleware) HTTP GET /swagger/favicon-32x32.png responded 304 in 0.462ms
2026-02-28 02:13:12.140 +07:00 [INF] (Serilog.AspNetCore.RequestLoggingMiddleware) HTTP GET /swagger/v1/swagger.json responded 200 in 181.058ms
2026-02-28 02:13:15.940 +07:00 [INF] (Serilog.AspNetCore.RequestLoggingMiddleware) HTTP GET /api/Collections/2/items responded 200 in 3.757ms
2026-02-28 02:13:16.304 +07:00 [INF] (Serilog.AspNetCore.RequestLoggingMiddleware) HTTP GET /api/Collections/3/items responded 200 in 3.389ms
2026-02-28 02:13:19.790 +07:00 [INF] (Serilog.AspNetCore.RequestLoggingMiddleware) HTTP GET /api/Collections/1/items responded 200 in 5.651ms
2026-02-28 02:13:22.389 +07:00 [INF] (Serilog.AspNetCore.RequestLoggingMiddleware) HTTP GET /api/Collections/2/items responded 200 in 3.759ms
2026-02-28 02:13:24.341 +07:00 [INF] (Serilog.AspNetCore.RequestLoggingMiddleware) HTTP GET /api/Collections/3/items responded 200 in 3.254ms
2026-02-28 02:13:36.045 +07:00 [INF] (Serilog.AspNetCore.RequestLoggingMiddleware) HTTP GET /api/Collections/1/items responded 200 in 3.550ms
2026-02-28 02:13:37.645 +07:00 [INF] (Serilog.AspNetCore.RequestLoggingMiddleware) HTTP GET /api/Collections/3/items responded 200 in 3.617ms
2026-02-28 02:13:40.977 +07:00 [INF] (Serilog.AspNetCore.RequestLoggingMiddleware) HTTP GET /api/Collections/1/items responded 200 in 5.530ms
2026-02-28 02:13:48.561 +07:00 [INF] (VAH.Backend.Services.LocalStorageService) File uploaded: tải xuống.jpg → e8127512-4d2d-4da6-9387-833e54ad95b3.jpg (14077 bytes)
2026-02-28 02:13:49.168 +07:00 [INF] (VAH.Backend.Services.ThumbnailService) Thumbnails generated for /uploads/e8127512-4d2d-4da6-9387-833e54ad95b3.jpg: sm, md, lg
2026-02-28 02:13:49.184 +07:00 [INF] (Serilog.AspNetCore.RequestLoggingMiddleware) HTTP POST /api/Assets/upload responded 200 in 656.730ms
2026-02-28 02:13:49.190 +07:00 [INF] (Serilog.AspNetCore.RequestLoggingMiddleware) HTTP GET /api/Collections/1/items responded 200 in 2.881ms
2026-02-28 02:13:49.195 +07:00 [INF] (Serilog.AspNetCore.RequestLoggingMiddleware) HTTP GET /api/Collections/1/items responded 200 in 3.272ms
2026-02-28 02:13:49.199 +07:00 [INF] (Serilog.AspNetCore.RequestLoggingMiddleware) HTTP GET /api/Collections/1/items responded 200 in 2.867ms
2026-02-28 02:14:12.053 +07:00 [INF] (Serilog.AspNetCore.RequestLoggingMiddleware) HTTP GET /api/Tags responded 401 in 6.183ms
2026-02-28 02:14:12.053 +07:00 [INF] (Serilog.AspNetCore.RequestLoggingMiddleware) HTTP GET /api/Collections responded 401 in 6.732ms
2026-02-28 02:14:12.058 +07:00 [INF] (Serilog.AspNetCore.RequestLoggingMiddleware) HTTP GET /api/Tags responded 401 in 0.380ms
2026-02-28 02:14:12.059 +07:00 [INF] (Serilog.AspNetCore.RequestLoggingMiddleware) HTTP GET /api/Collections responded 401 in 0.131ms
2026-02-28 02:14:13.999 +07:00 [INF] (VAH.Backend.Hubs.AssetHub) SignalR: User 306883b5-2e60-4a40-b2b4-81ebac512207 disconnected
2026-02-28 02:14:13.999 +07:00 [INF] (VAH.Backend.Hubs.AssetHub) SignalR: User 306883b5-2e60-4a40-b2b4-81ebac512207 disconnected
2026-02-28 02:14:14.000 +07:00 [WRN] (Serilog.AspNetCore.RequestLoggingMiddleware) HTTP GET /hubs/assets responded 101 in 70416.173ms
2026-02-28 02:14:14.001 +07:00 [WRN] (Serilog.AspNetCore.RequestLoggingMiddleware) HTTP GET /hubs/assets responded 101 in 70433.259ms
2026-02-28 02:14:37.411 +07:00 [INF] (VAH.Backend.Services.AuthService) User logged in: vanthang48692109@gmail.com
2026-02-28 02:14:37.424 +07:00 [INF] (Serilog.AspNetCore.RequestLoggingMiddleware) HTTP POST /api/Auth/login responded 200 in 174.086ms
2026-02-28 02:14:37.498 +07:00 [INF] (Serilog.AspNetCore.RequestLoggingMiddleware) HTTP POST /hubs/assets/negotiate responded 200 in 0.481ms
2026-02-28 02:14:37.508 +07:00 [INF] (Serilog.AspNetCore.RequestLoggingMiddleware) HTTP GET /api/Tags responded 200 in 4.489ms
2026-02-28 02:14:37.504 +07:00 [INF] (Serilog.AspNetCore.RequestLoggingMiddleware) HTTP POST /hubs/assets/negotiate responded 200 in 0.530ms
2026-02-28 02:14:37.499 +07:00 [INF] (Serilog.AspNetCore.RequestLoggingMiddleware) HTTP GET /api/Collections responded 200 in 1.087ms
2026-02-28 02:14:37.509 +07:00 [INF] (Serilog.AspNetCore.RequestLoggingMiddleware) HTTP GET /api/SmartCollections responded 200 in 5.195ms
2026-02-28 02:14:37.510 +07:00 [INF] (Serilog.AspNetCore.RequestLoggingMiddleware) HTTP GET /api/Collections responded 200 in 1.534ms
2026-02-28 02:14:37.516 +07:00 [INF] (Serilog.AspNetCore.RequestLoggingMiddleware) HTTP GET /api/Tags responded 200 in 3.414ms
2026-02-28 02:14:37.518 +07:00 [INF] (Serilog.AspNetCore.RequestLoggingMiddleware) HTTP GET /api/SmartCollections responded 200 in 3.691ms
2026-02-28 02:14:37.519 +07:00 [INF] (VAH.Backend.Hubs.AssetHub) SignalR: User 306883b5-2e60-4a40-b2b4-81ebac512207 connected (ConnectionId=Zy3mGTsw8NmC6QsCVRzzMA)
2026-02-28 02:14:37.620 +07:00 [INF] (VAH.Backend.Hubs.AssetHub) SignalR: User 306883b5-2e60-4a40-b2b4-81ebac512207 connected (ConnectionId=8HAKPiD_SFrq4AVfF4EAtw)
2026-02-28 02:14:43.468 +07:00 [INF] (Serilog.AspNetCore.RequestLoggingMiddleware) HTTP GET /api/Collections/2/items responded 200 in 3.979ms
2026-02-28 02:14:43.799 +07:00 [INF] (Serilog.AspNetCore.RequestLoggingMiddleware) HTTP GET /api/Collections/3/items responded 200 in 3.148ms
2026-02-28 02:14:46.416 +07:00 [INF] (Serilog.AspNetCore.RequestLoggingMiddleware) HTTP GET /api/Collections/2/items responded 200 in 3.491ms
2026-02-28 02:14:46.786 +07:00 [INF] (Serilog.AspNetCore.RequestLoggingMiddleware) HTTP GET /api/Collections/1/items responded 200 in 2.735ms
2026-02-28 02:14:58.086 +07:00 [INF] (Serilog.AspNetCore.RequestLoggingMiddleware) HTTP GET /api/Collections/2/items responded 200 in 2.408ms
2026-02-28 02:16:04.926 +07:00 [INF] (Serilog.AspNetCore.RequestLoggingMiddleware) HTTP POST /api/Assets/create-link responded 200 in 45.740ms
2026-02-28 02:16:04.939 +07:00 [INF] (Serilog.AspNetCore.RequestLoggingMiddleware) HTTP GET /api/Collections/2/items responded 200 in 3.351ms
2026-02-28 02:16:18.093 +07:00 [INF] (Serilog.AspNetCore.RequestLoggingMiddleware) HTTP GET /api/Collections/3/items responded 200 in 3.056ms
2026-02-28 02:16:23.081 +07:00 [INF] (Serilog.AspNetCore.RequestLoggingMiddleware) HTTP POST /api/Assets/create-color-group responded 200 in 38.726ms
2026-02-28 02:16:23.090 +07:00 [INF] (Serilog.AspNetCore.RequestLoggingMiddleware) HTTP GET /api/Collections/3/items responded 200 in 3.128ms
2026-02-28 02:16:29.928 +07:00 [INF] (Serilog.AspNetCore.RequestLoggingMiddleware) HTTP POST /api/Assets/create-color-group responded 200 in 4.772ms
2026-02-28 02:16:29.942 +07:00 [INF] (Serilog.AspNetCore.RequestLoggingMiddleware) HTTP GET /api/Collections/3/items responded 200 in 2.985ms
2026-02-28 02:16:35.195 +07:00 [INF] (Serilog.AspNetCore.RequestLoggingMiddleware) HTTP POST /api/Assets/create-color-group responded 200 in 13.595ms
2026-02-28 02:16:35.207 +07:00 [INF] (Serilog.AspNetCore.RequestLoggingMiddleware) HTTP GET /api/Collections/3/items responded 200 in 2.105ms
2026-02-28 02:16:42.996 +07:00 [INF] (Serilog.AspNetCore.RequestLoggingMiddleware) HTTP POST /api/Assets/create-color-group responded 200 in 13.799ms
2026-02-28 02:16:43.009 +07:00 [INF] (Serilog.AspNetCore.RequestLoggingMiddleware) HTTP GET /api/Collections/3/items responded 200 in 2.301ms
2026-02-28 02:18:00.946 +07:00 [INF] (Serilog.AspNetCore.RequestLoggingMiddleware) HTTP GET /api/Collections/2/items responded 200 in 2.287ms
2026-02-28 02:18:13.793 +07:00 [INF] (Serilog.AspNetCore.RequestLoggingMiddleware) HTTP GET /api/Collections/3/items responded 200 in 3.103ms
2026-02-28 02:19:51.032 +07:00 [INF] (Serilog.AspNetCore.RequestLoggingMiddleware) HTTP POST /api/auth/login responded 400 in 37.751ms
2026-02-28 02:21:27.065 +07:00 [ERR] (Serilog.AspNetCore.RequestLoggingMiddleware) HTTP POST /api/auth/login responded 500 in 37.214ms
System.UnauthorizedAccessException: Email hoặc mật khẩu không đúng.
   at VAH.Backend.Services.AuthService.LoginAsync(LoginDto dto) in B:\1A\VAH.Backend\Services\AuthService.cs:line 59
   at VAH.Backend.Controllers.AuthController.Login(LoginDto dto) in B:\1A\VAH.Backend\Controllers\AuthController.cs:line 35
   at lambda_method519(Closure, Object)
   at Microsoft.AspNetCore.Mvc.Infrastructure.ActionMethodExecutor.AwaitableObjectResultExecutor.Execute(ActionContext actionContext, IActionResultTypeMapper mapper, ObjectMethodExecutor executor, Object controller, Object[] arguments)
   at Microsoft.AspNetCore.Mvc.Infrastructure.ControllerActionInvoker.<InvokeActionMethodAsync>g__Awaited|12_0(ControllerActionInvoker invoker, ValueTask`1 actionResultValueTask)
   at Microsoft.AspNetCore.Mvc.Infrastructure.ControllerActionInvoker.<InvokeNextActionFilterAsync>g__Awaited|10_0(ControllerActionInvoker invoker, Task lastTask, State next, Scope scope, Object state, Boolean isCompleted)
   at Microsoft.AspNetCore.Mvc.Infrastructure.ControllerActionInvoker.Rethrow(ActionExecutedContextSealed context)
   at Microsoft.AspNetCore.Mvc.Infrastructure.ControllerActionInvoker.Next(State& next, Scope& scope, Object& state, Boolean& isCompleted)
   at Microsoft.AspNetCore.Mvc.Infrastructure.ControllerActionInvoker.<InvokeInnerFilterAsync>g__Awaited|13_0(ControllerActionInvoker invoker, Task lastTask, State next, Scope scope, Object state, Boolean isCompleted)
   at Microsoft.AspNetCore.Mvc.Infrastructure.ResourceInvoker.<InvokeFilterPipelineAsync>g__Awaited|20_0(ResourceInvoker invoker, Task lastTask, State next, Scope scope, Object state, Boolean isCompleted)
   at Microsoft.AspNetCore.Mvc.Infrastructure.ResourceInvoker.<InvokeAsync>g__Awaited|17_0(ResourceInvoker invoker, Task task, IDisposable scope)
   at Microsoft.AspNetCore.Mvc.Infrastructure.ResourceInvoker.<InvokeAsync>g__Awaited|17_0(ResourceInvoker invoker, Task task, IDisposable scope)
   at Microsoft.AspNetCore.Authorization.AuthorizationMiddleware.Invoke(HttpContext context)
   at Microsoft.AspNetCore.Authentication.AuthenticationMiddleware.Invoke(HttpContext context)
   at Swashbuckle.AspNetCore.SwaggerUI.SwaggerUIMiddleware.Invoke(HttpContext httpContext)
   at Swashbuckle.AspNetCore.Swagger.SwaggerMiddleware.Invoke(HttpContext httpContext, ISwaggerProvider swaggerProvider)
   at Microsoft.AspNetCore.RateLimiting.RateLimitingMiddleware.InvokeInternal(HttpContext context, EnableRateLimitingAttribute enableRateLimitingAttribute)
   at Serilog.AspNetCore.RequestLoggingMiddleware.Invoke(HttpContext httpContext)
2026-02-28 02:21:27.101 +07:00 [ERR] (VAH.Backend.Middleware.ExceptionHandlingMiddleware) Unhandled exception for POST /api/auth/login
System.UnauthorizedAccessException: Email hoặc mật khẩu không đúng.
   at VAH.Backend.Services.AuthService.LoginAsync(LoginDto dto) in B:\1A\VAH.Backend\Services\AuthService.cs:line 59
   at VAH.Backend.Controllers.AuthController.Login(LoginDto dto) in B:\1A\VAH.Backend\Controllers\AuthController.cs:line 35
   at lambda_method519(Closure, Object)
   at Microsoft.AspNetCore.Mvc.Infrastructure.ActionMethodExecutor.AwaitableObjectResultExecutor.Execute(ActionContext actionContext, IActionResultTypeMapper mapper, ObjectMethodExecutor executor, Object controller, Object[] arguments)
   at Microsoft.AspNetCore.Mvc.Infrastructure.ControllerActionInvoker.<InvokeActionMethodAsync>g__Awaited|12_0(ControllerActionInvoker invoker, ValueTask`1 actionResultValueTask)
   at Microsoft.AspNetCore.Mvc.Infrastructure.ControllerActionInvoker.<InvokeNextActionFilterAsync>g__Awaited|10_0(ControllerActionInvoker invoker, Task lastTask, State next, Scope scope, Object state, Boolean isCompleted)
   at Microsoft.AspNetCore.Mvc.Infrastructure.ControllerActionInvoker.Rethrow(ActionExecutedContextSealed context)
   at Microsoft.AspNetCore.Mvc.Infrastructure.ControllerActionInvoker.Next(State& next, Scope& scope, Object& state, Boolean& isCompleted)
   at Microsoft.AspNetCore.Mvc.Infrastructure.ControllerActionInvoker.<InvokeInnerFilterAsync>g__Awaited|13_0(ControllerActionInvoker invoker, Task lastTask, State next, Scope scope, Object state, Boolean isCompleted)
   at Microsoft.AspNetCore.Mvc.Infrastructure.ResourceInvoker.<InvokeFilterPipelineAsync>g__Awaited|20_0(ResourceInvoker invoker, Task lastTask, State next, Scope scope, Object state, Boolean isCompleted)
   at Microsoft.AspNetCore.Mvc.Infrastructure.ResourceInvoker.<InvokeAsync>g__Awaited|17_0(ResourceInvoker invoker, Task task, IDisposable scope)
   at Microsoft.AspNetCore.Mvc.Infrastructure.ResourceInvoker.<InvokeAsync>g__Awaited|17_0(ResourceInvoker invoker, Task task, IDisposable scope)
   at Microsoft.AspNetCore.Authorization.AuthorizationMiddleware.Invoke(HttpContext context)
   at Microsoft.AspNetCore.Authentication.AuthenticationMiddleware.Invoke(HttpContext context)
   at Swashbuckle.AspNetCore.SwaggerUI.SwaggerUIMiddleware.Invoke(HttpContext httpContext)
   at Swashbuckle.AspNetCore.Swagger.SwaggerMiddleware.Invoke(HttpContext httpContext, ISwaggerProvider swaggerProvider)
   at Microsoft.AspNetCore.RateLimiting.RateLimitingMiddleware.InvokeInternal(HttpContext context, EnableRateLimitingAttribute enableRateLimitingAttribute)
   at Serilog.AspNetCore.RequestLoggingMiddleware.Invoke(HttpContext httpContext)
   at VAH.Backend.Middleware.ExceptionHandlingMiddleware.InvokeAsync(HttpContext context) in B:\1A\VAH.Backend\Middleware\ExceptionHandlingMiddleware.cs:line 30
2026-02-28 02:21:52.635 +07:00 [INF] (VAH.Backend.Hubs.AssetHub) SignalR: User 306883b5-2e60-4a40-b2b4-81ebac512207 disconnected
2026-02-28 02:21:52.637 +07:00 [WRN] (Serilog.AspNetCore.RequestLoggingMiddleware) HTTP GET /hubs/assets responded 101 in 435109.282ms
2026-02-28 02:21:52.639 +07:00 [INF] (VAH.Backend.Hubs.AssetHub) SignalR: User 306883b5-2e60-4a40-b2b4-81ebac512207 disconnected
2026-02-28 02:21:52.725 +07:00 [WRN] (Serilog.AspNetCore.RequestLoggingMiddleware) HTTP GET /hubs/assets responded 101 in 435212.999ms
2026-02-28 02:21:53.524 +07:00 [INF] (Serilog.AspNetCore.RequestLoggingMiddleware) HTTP POST /hubs/assets/negotiate responded 200 in 0.322ms
2026-02-28 02:21:53.534 +07:00 [INF] (Serilog.AspNetCore.RequestLoggingMiddleware) HTTP GET /api/Collections responded 200 in 3.830ms
2026-02-28 02:21:53.538 +07:00 [INF] (Serilog.AspNetCore.RequestLoggingMiddleware) HTTP GET /api/SmartCollections responded 200 in 3.294ms
2026-02-28 02:21:53.544 +07:00 [INF] (Serilog.AspNetCore.RequestLoggingMiddleware) HTTP GET /api/Tags responded 200 in 1.858ms
2026-02-28 02:21:53.545 +07:00 [INF] (Serilog.AspNetCore.RequestLoggingMiddleware) HTTP POST /hubs/assets/negotiate responded 200 in 32.020ms
2026-02-28 02:21:53.549 +07:00 [INF] (Serilog.AspNetCore.RequestLoggingMiddleware) HTTP GET /api/Collections responded 200 in 2.005ms
2026-02-28 02:21:53.568 +07:00 [INF] (Serilog.AspNetCore.RequestLoggingMiddleware) HTTP GET /api/SmartCollections responded 200 in 13.637ms
2026-02-28 02:21:53.576 +07:00 [INF] (Serilog.AspNetCore.RequestLoggingMiddleware) HTTP GET /api/Tags responded 200 in 21.299ms
2026-02-28 02:21:53.640 +07:00 [INF] (VAH.Backend.Hubs.AssetHub) SignalR: User 306883b5-2e60-4a40-b2b4-81ebac512207 connected (ConnectionId=dQedD1qcKm0tQwkKe76Pdg)
2026-02-28 02:21:53.640 +07:00 [INF] (VAH.Backend.Hubs.AssetHub) SignalR: User 306883b5-2e60-4a40-b2b4-81ebac512207 connected (ConnectionId=AYXBvVxchQ51HJQLFd19GQ)
2026-02-28 02:21:53.642 +07:00 [INF] (Serilog.AspNetCore.RequestLoggingMiddleware) HTTP GET /api/Collections/3/items responded 200 in 3.327ms
2026-02-28 02:21:53.717 +07:00 [INF] (Serilog.AspNetCore.RequestLoggingMiddleware) HTTP GET /api/Collections/3/items responded 200 in 4.134ms
2026-02-28 02:21:56.825 +07:00 [INF] (Serilog.AspNetCore.RequestLoggingMiddleware) HTTP GET /api/Collections/2/items responded 200 in 3.356ms
2026-02-28 02:21:58.799 +07:00 [INF] (Serilog.AspNetCore.RequestLoggingMiddleware) HTTP GET /api/Collections/1/items responded 200 in 1.977ms
2026-02-28 02:22:02.179 +07:00 [INF] (VAH.Backend.Hubs.AssetHub) SignalR: User 306883b5-2e60-4a40-b2b4-81ebac512207 disconnected
2026-02-28 02:22:02.181 +07:00 [WRN] (Serilog.AspNetCore.RequestLoggingMiddleware) HTTP GET /hubs/assets responded 101 in 8599.064ms
2026-02-28 02:22:24.976 +07:00 [ERR] (Serilog.AspNetCore.RequestLoggingMiddleware) HTTP POST /api/Auth/login responded 500 in 3.170ms
System.UnauthorizedAccessException: Email hoặc mật khẩu không đúng.
   at VAH.Backend.Services.AuthService.LoginAsync(LoginDto dto) in B:\1A\VAH.Backend\Services\AuthService.cs:line 59
   at VAH.Backend.Controllers.AuthController.Login(LoginDto dto) in B:\1A\VAH.Backend\Controllers\AuthController.cs:line 35
   at lambda_method519(Closure, Object)
   at Microsoft.AspNetCore.Mvc.Infrastructure.ActionMethodExecutor.AwaitableObjectResultExecutor.Execute(ActionContext actionContext, IActionResultTypeMapper mapper, ObjectMethodExecutor executor, Object controller, Object[] arguments)
   at Microsoft.AspNetCore.Mvc.Infrastructure.ControllerActionInvoker.<InvokeActionMethodAsync>g__Awaited|12_0(ControllerActionInvoker invoker, ValueTask`1 actionResultValueTask)
   at Microsoft.AspNetCore.Mvc.Infrastructure.ControllerActionInvoker.<InvokeNextActionFilterAsync>g__Awaited|10_0(ControllerActionInvoker invoker, Task lastTask, State next, Scope scope, Object state, Boolean isCompleted)
   at Microsoft.AspNetCore.Mvc.Infrastructure.ControllerActionInvoker.Rethrow(ActionExecutedContextSealed context)
   at Microsoft.AspNetCore.Mvc.Infrastructure.ControllerActionInvoker.Next(State& next, Scope& scope, Object& state, Boolean& isCompleted)
   at Microsoft.AspNetCore.Mvc.Infrastructure.ControllerActionInvoker.InvokeInnerFilterAsync()
--- End of stack trace from previous location ---
   at Microsoft.AspNetCore.Mvc.Infrastructure.ResourceInvoker.<InvokeFilterPipelineAsync>g__Awaited|20_0(ResourceInvoker invoker, Task lastTask, State next, Scope scope, Object state, Boolean isCompleted)
   at Microsoft.AspNetCore.Mvc.Infrastructure.ResourceInvoker.<InvokeAsync>g__Awaited|17_0(ResourceInvoker invoker, Task task, IDisposable scope)
   at Microsoft.AspNetCore.Mvc.Infrastructure.ResourceInvoker.<InvokeAsync>g__Awaited|17_0(ResourceInvoker invoker, Task task, IDisposable scope)
   at Microsoft.AspNetCore.Authorization.AuthorizationMiddleware.Invoke(HttpContext context)
   at Microsoft.AspNetCore.Authentication.AuthenticationMiddleware.Invoke(HttpContext context)
   at Swashbuckle.AspNetCore.SwaggerUI.SwaggerUIMiddleware.Invoke(HttpContext httpContext)
   at Swashbuckle.AspNetCore.Swagger.SwaggerMiddleware.Invoke(HttpContext httpContext, ISwaggerProvider swaggerProvider)
   at Microsoft.AspNetCore.RateLimiting.RateLimitingMiddleware.InvokeInternal(HttpContext context, EnableRateLimitingAttribute enableRateLimitingAttribute)
   at Serilog.AspNetCore.RequestLoggingMiddleware.Invoke(HttpContext httpContext)
2026-02-28 02:22:24.988 +07:00 [ERR] (VAH.Backend.Middleware.ExceptionHandlingMiddleware) Unhandled exception for POST /api/Auth/login
System.UnauthorizedAccessException: Email hoặc mật khẩu không đúng.
   at VAH.Backend.Services.AuthService.LoginAsync(LoginDto dto) in B:\1A\VAH.Backend\Services\AuthService.cs:line 59
   at VAH.Backend.Controllers.AuthController.Login(LoginDto dto) in B:\1A\VAH.Backend\Controllers\AuthController.cs:line 35
   at lambda_method519(Closure, Object)
   at Microsoft.AspNetCore.Mvc.Infrastructure.ActionMethodExecutor.AwaitableObjectResultExecutor.Execute(ActionContext actionContext, IActionResultTypeMapper mapper, ObjectMethodExecutor executor, Object controller, Object[] arguments)
   at Microsoft.AspNetCore.Mvc.Infrastructure.ControllerActionInvoker.<InvokeActionMethodAsync>g__Awaited|12_0(ControllerActionInvoker invoker, ValueTask`1 actionResultValueTask)
   at Microsoft.AspNetCore.Mvc.Infrastructure.ControllerActionInvoker.<InvokeNextActionFilterAsync>g__Awaited|10_0(ControllerActionInvoker invoker, Task lastTask, State next, Scope scope, Object state, Boolean isCompleted)
   at Microsoft.AspNetCore.Mvc.Infrastructure.ControllerActionInvoker.Rethrow(ActionExecutedContextSealed context)
   at Microsoft.AspNetCore.Mvc.Infrastructure.ControllerActionInvoker.Next(State& next, Scope& scope, Object& state, Boolean& isCompleted)
   at Microsoft.AspNetCore.Mvc.Infrastructure.ControllerActionInvoker.InvokeInnerFilterAsync()
--- End of stack trace from previous location ---
   at Microsoft.AspNetCore.Mvc.Infrastructure.ResourceInvoker.<InvokeFilterPipelineAsync>g__Awaited|20_0(ResourceInvoker invoker, Task lastTask, State next, Scope scope, Object state, Boolean isCompleted)
   at Microsoft.AspNetCore.Mvc.Infrastructure.ResourceInvoker.<InvokeAsync>g__Awaited|17_0(ResourceInvoker invoker, Task task, IDisposable scope)
   at Microsoft.AspNetCore.Mvc.Infrastructure.ResourceInvoker.<InvokeAsync>g__Awaited|17_0(ResourceInvoker invoker, Task task, IDisposable scope)
   at Microsoft.AspNetCore.Authorization.AuthorizationMiddleware.Invoke(HttpContext context)
   at Microsoft.AspNetCore.Authentication.AuthenticationMiddleware.Invoke(HttpContext context)
   at Swashbuckle.AspNetCore.SwaggerUI.SwaggerUIMiddleware.Invoke(HttpContext httpContext)
   at Swashbuckle.AspNetCore.Swagger.SwaggerMiddleware.Invoke(HttpContext httpContext, ISwaggerProvider swaggerProvider)
   at Microsoft.AspNetCore.RateLimiting.RateLimitingMiddleware.InvokeInternal(HttpContext context, EnableRateLimitingAttribute enableRateLimitingAttribute)
   at Serilog.AspNetCore.RequestLoggingMiddleware.Invoke(HttpContext httpContext)
   at VAH.Backend.Middleware.ExceptionHandlingMiddleware.InvokeAsync(HttpContext context) in B:\1A\VAH.Backend\Middleware\ExceptionHandlingMiddleware.cs:line 30
2026-02-28 02:22:31.154 +07:00 [INF] (VAH.Backend.Hubs.AssetHub) SignalR: User 306883b5-2e60-4a40-b2b4-81ebac512207 disconnected
2026-02-28 02:22:31.160 +07:00 [WRN] (Serilog.AspNetCore.RequestLoggingMiddleware) HTTP GET /hubs/assets responded 101 in 37594.303ms
2026-02-28 02:22:35.992 +07:00 [ERR] (Serilog.AspNetCore.RequestLoggingMiddleware) HTTP POST /api/auth/login responded 500 in 2.043ms
System.UnauthorizedAccessException: Email hoặc mật khẩu không đúng.
   at VAH.Backend.Services.AuthService.LoginAsync(LoginDto dto) in B:\1A\VAH.Backend\Services\AuthService.cs:line 59
   at VAH.Backend.Controllers.AuthController.Login(LoginDto dto) in B:\1A\VAH.Backend\Controllers\AuthController.cs:line 35
   at lambda_method519(Closure, Object)
   at Microsoft.AspNetCore.Mvc.Infrastructure.ActionMethodExecutor.AwaitableObjectResultExecutor.Execute(ActionContext actionContext, IActionResultTypeMapper mapper, ObjectMethodExecutor executor, Object controller, Object[] arguments)
   at Microsoft.AspNetCore.Mvc.Infrastructure.ControllerActionInvoker.<InvokeActionMethodAsync>g__Awaited|12_0(ControllerActionInvoker invoker, ValueTask`1 actionResultValueTask)
   at Microsoft.AspNetCore.Mvc.Infrastructure.ControllerActionInvoker.<InvokeNextActionFilterAsync>g__Awaited|10_0(ControllerActionInvoker invoker, Task lastTask, State next, Scope scope, Object state, Boolean isCompleted)
   at Microsoft.AspNetCore.Mvc.Infrastructure.ControllerActionInvoker.Rethrow(ActionExecutedContextSealed context)
   at Microsoft.AspNetCore.Mvc.Infrastructure.ControllerActionInvoker.Next(State& next, Scope& scope, Object& state, Boolean& isCompleted)
   at Microsoft.AspNetCore.Mvc.Infrastructure.ControllerActionInvoker.<InvokeInnerFilterAsync>g__Awaited|13_0(ControllerActionInvoker invoker, Task lastTask, State next, Scope scope, Object state, Boolean isCompleted)
   at Microsoft.AspNetCore.Mvc.Infrastructure.ResourceInvoker.<InvokeFilterPipelineAsync>g__Awaited|20_0(ResourceInvoker invoker, Task lastTask, State next, Scope scope, Object state, Boolean isCompleted)
   at Microsoft.AspNetCore.Mvc.Infrastructure.ResourceInvoker.<InvokeAsync>g__Awaited|17_0(ResourceInvoker invoker, Task task, IDisposable scope)
   at Microsoft.AspNetCore.Mvc.Infrastructure.ResourceInvoker.<InvokeAsync>g__Awaited|17_0(ResourceInvoker invoker, Task task, IDisposable scope)
   at Microsoft.AspNetCore.Authorization.AuthorizationMiddleware.Invoke(HttpContext context)
   at Microsoft.AspNetCore.Authentication.AuthenticationMiddleware.Invoke(HttpContext context)
   at Swashbuckle.AspNetCore.SwaggerUI.SwaggerUIMiddleware.Invoke(HttpContext httpContext)
   at Swashbuckle.AspNetCore.Swagger.SwaggerMiddleware.Invoke(HttpContext httpContext, ISwaggerProvider swaggerProvider)
   at Microsoft.AspNetCore.RateLimiting.RateLimitingMiddleware.InvokeInternal(HttpContext context, EnableRateLimitingAttribute enableRateLimitingAttribute)
   at Serilog.AspNetCore.RequestLoggingMiddleware.Invoke(HttpContext httpContext)
2026-02-28 02:22:35.999 +07:00 [ERR] (VAH.Backend.Middleware.ExceptionHandlingMiddleware) Unhandled exception for POST /api/auth/login
System.UnauthorizedAccessException: Email hoặc mật khẩu không đúng.
   at VAH.Backend.Services.AuthService.LoginAsync(LoginDto dto) in B:\1A\VAH.Backend\Services\AuthService.cs:line 59
   at VAH.Backend.Controllers.AuthController.Login(LoginDto dto) in B:\1A\VAH.Backend\Controllers\AuthController.cs:line 35
   at lambda_method519(Closure, Object)
   at Microsoft.AspNetCore.Mvc.Infrastructure.ActionMethodExecutor.AwaitableObjectResultExecutor.Execute(ActionContext actionContext, IActionResultTypeMapper mapper, ObjectMethodExecutor executor, Object controller, Object[] arguments)
   at Microsoft.AspNetCore.Mvc.Infrastructure.ControllerActionInvoker.<InvokeActionMethodAsync>g__Awaited|12_0(ControllerActionInvoker invoker, ValueTask`1 actionResultValueTask)
   at Microsoft.AspNetCore.Mvc.Infrastructure.ControllerActionInvoker.<InvokeNextActionFilterAsync>g__Awaited|10_0(ControllerActionInvoker invoker, Task lastTask, State next, Scope scope, Object state, Boolean isCompleted)
   at Microsoft.AspNetCore.Mvc.Infrastructure.ControllerActionInvoker.Rethrow(ActionExecutedContextSealed context)
   at Microsoft.AspNetCore.Mvc.Infrastructure.ControllerActionInvoker.Next(State& next, Scope& scope, Object& state, Boolean& isCompleted)
   at Microsoft.AspNetCore.Mvc.Infrastructure.ControllerActionInvoker.<InvokeInnerFilterAsync>g__Awaited|13_0(ControllerActionInvoker invoker, Task lastTask, State next, Scope scope, Object state, Boolean isCompleted)
   at Microsoft.AspNetCore.Mvc.Infrastructure.ResourceInvoker.<InvokeFilterPipelineAsync>g__Awaited|20_0(ResourceInvoker invoker, Task lastTask, State next, Scope scope, Object state, Boolean isCompleted)
   at Microsoft.AspNetCore.Mvc.Infrastructure.ResourceInvoker.<InvokeAsync>g__Awaited|17_0(ResourceInvoker invoker, Task task, IDisposable scope)
   at Microsoft.AspNetCore.Mvc.Infrastructure.ResourceInvoker.<InvokeAsync>g__Awaited|17_0(ResourceInvoker invoker, Task task, IDisposable scope)
   at Microsoft.AspNetCore.Authorization.AuthorizationMiddleware.Invoke(HttpContext context)
   at Microsoft.AspNetCore.Authentication.AuthenticationMiddleware.Invoke(HttpContext context)
   at Swashbuckle.AspNetCore.SwaggerUI.SwaggerUIMiddleware.Invoke(HttpContext httpContext)
   at Swashbuckle.AspNetCore.Swagger.SwaggerMiddleware.Invoke(HttpContext httpContext, ISwaggerProvider swaggerProvider)
   at Microsoft.AspNetCore.RateLimiting.RateLimitingMiddleware.InvokeInternal(HttpContext context, EnableRateLimitingAttribute enableRateLimitingAttribute)
   at Serilog.AspNetCore.RequestLoggingMiddleware.Invoke(HttpContext httpContext)
   at VAH.Backend.Middleware.ExceptionHandlingMiddleware.InvokeAsync(HttpContext context) in B:\1A\VAH.Backend\Middleware\ExceptionHandlingMiddleware.cs:line 30
2026-02-28 02:23:25.418 +07:00 [INF] (Serilog.AspNetCore.RequestLoggingMiddleware) HTTP GET /api/health responded 200 in 52.547ms
2026-02-28 02:23:52.081 +07:00 [INF] (VAH.Backend.Services.AuthService) User registered: test@test.com
2026-02-28 02:23:52.082 +07:00 [INF] (Serilog.AspNetCore.RequestLoggingMiddleware) HTTP POST /api/auth/register responded 200 in 176.051ms
2026-02-28 02:24:03.016 +07:00 [INF] (Serilog.AspNetCore.RequestLoggingMiddleware) HTTP GET /api/collections responded 200 in 2.301ms
2026-02-28 02:24:26.219 +07:00 [INF] (VAH.Backend.Services.AuthService) User logged in: test@test.com
2026-02-28 02:24:26.223 +07:00 [INF] (Serilog.AspNetCore.RequestLoggingMiddleware) HTTP POST /api/Auth/login responded 200 in 145.152ms
2026-02-28 02:24:26.295 +07:00 [INF] (Serilog.AspNetCore.RequestLoggingMiddleware) HTTP POST /hubs/assets/negotiate responded 200 in 0.541ms
2026-02-28 02:24:26.298 +07:00 [INF] (Serilog.AspNetCore.RequestLoggingMiddleware) HTTP GET /api/Collections responded 200 in 0.560ms
2026-02-28 02:24:26.301 +07:00 [INF] (Serilog.AspNetCore.RequestLoggingMiddleware) HTTP GET /api/Tags responded 200 in 2.614ms
2026-02-28 02:24:26.295 +07:00 [INF] (Serilog.AspNetCore.RequestLoggingMiddleware) HTTP POST /hubs/assets/negotiate responded 200 in 0.624ms
2026-02-28 02:24:26.331 +07:00 [INF] (VAH.Backend.Hubs.AssetHub) SignalR: User 02fa1d67-23ab-46b0-82bf-0c67baa65978 connected (ConnectionId=yP93iT1XOgNhrcAboC7iWQ)
2026-02-28 02:24:26.333 +07:00 [INF] (Serilog.AspNetCore.RequestLoggingMiddleware) HTTP GET /api/Tags responded 200 in 6.955ms
2026-02-28 02:24:26.336 +07:00 [INF] (Serilog.AspNetCore.RequestLoggingMiddleware) HTTP GET /api/Collections responded 200 in 32.708ms
2026-02-28 02:24:26.338 +07:00 [INF] (Serilog.AspNetCore.RequestLoggingMiddleware) HTTP GET /api/SmartCollections responded 200 in 39.269ms
2026-02-28 02:24:26.341 +07:00 [INF] (VAH.Backend.Hubs.AssetHub) SignalR: User 02fa1d67-23ab-46b0-82bf-0c67baa65978 connected (ConnectionId=RaRI4T5rleew1QmarU3TBg)
2026-02-28 02:24:26.350 +07:00 [INF] (Serilog.AspNetCore.RequestLoggingMiddleware) HTTP GET /api/SmartCollections responded 200 in 4.447ms
2026-02-28 02:24:29.230 +07:00 [INF] (Serilog.AspNetCore.RequestLoggingMiddleware) HTTP GET /api/Collections/2/items responded 200 in 2.454ms
2026-02-28 02:24:29.735 +07:00 [INF] (Serilog.AspNetCore.RequestLoggingMiddleware) HTTP GET /api/Collections/1/items responded 200 in 1.542ms
2026-02-28 02:24:30.254 +07:00 [INF] (Serilog.AspNetCore.RequestLoggingMiddleware) HTTP GET /api/Collections/3/items responded 200 in 2.045ms
2026-02-28 02:24:30.994 +07:00 [INF] (Serilog.AspNetCore.RequestLoggingMiddleware) HTTP GET /api/Collections/2/items responded 200 in 2.233ms
2026-02-28 02:24:31.339 +07:00 [INF] (Serilog.AspNetCore.RequestLoggingMiddleware) HTTP GET /api/Collections/1/items responded 200 in 2.441ms
2026-02-28 02:24:31.676 +07:00 [INF] (Serilog.AspNetCore.RequestLoggingMiddleware) HTTP GET /api/Collections/3/items responded 200 in 2.209ms
2026-02-28 02:24:38.020 +07:00 [INF] (Serilog.AspNetCore.RequestLoggingMiddleware) HTTP GET /api/collections/2/items responded 200 in 1.850ms
2026-02-28 02:25:18.575 +07:00 [ERR] (Serilog.AspNetCore.RequestLoggingMiddleware) HTTP POST /api/auth/login responded 500 in 1.847ms
System.UnauthorizedAccessException: Email hoặc mật khẩu không đúng.
   at VAH.Backend.Services.AuthService.LoginAsync(LoginDto dto) in B:\1A\VAH.Backend\Services\AuthService.cs:line 59
   at VAH.Backend.Controllers.AuthController.Login(LoginDto dto) in B:\1A\VAH.Backend\Controllers\AuthController.cs:line 35
   at lambda_method519(Closure, Object)
   at Microsoft.AspNetCore.Mvc.Infrastructure.ActionMethodExecutor.AwaitableObjectResultExecutor.Execute(ActionContext actionContext, IActionResultTypeMapper mapper, ObjectMethodExecutor executor, Object controller, Object[] arguments)
   at Microsoft.AspNetCore.Mvc.Infrastructure.ControllerActionInvoker.<InvokeActionMethodAsync>g__Awaited|12_0(ControllerActionInvoker invoker, ValueTask`1 actionResultValueTask)
   at Microsoft.AspNetCore.Mvc.Infrastructure.ControllerActionInvoker.<InvokeNextActionFilterAsync>g__Awaited|10_0(ControllerActionInvoker invoker, Task lastTask, State next, Scope scope, Object state, Boolean isCompleted)
   at Microsoft.AspNetCore.Mvc.Infrastructure.ControllerActionInvoker.Rethrow(ActionExecutedContextSealed context)
   at Microsoft.AspNetCore.Mvc.Infrastructure.ControllerActionInvoker.Next(State& next, Scope& scope, Object& state, Boolean& isCompleted)
   at Microsoft.AspNetCore.Mvc.Infrastructure.ControllerActionInvoker.<InvokeInnerFilterAsync>g__Awaited|13_0(ControllerActionInvoker invoker, Task lastTask, State next, Scope scope, Object state, Boolean isCompleted)
   at Microsoft.AspNetCore.Mvc.Infrastructure.ResourceInvoker.<InvokeFilterPipelineAsync>g__Awaited|20_0(ResourceInvoker invoker, Task lastTask, State next, Scope scope, Object state, Boolean isCompleted)
   at Microsoft.AspNetCore.Mvc.Infrastructure.ResourceInvoker.<InvokeAsync>g__Awaited|17_0(ResourceInvoker invoker, Task task, IDisposable scope)
   at Microsoft.AspNetCore.Mvc.Infrastructure.ResourceInvoker.<InvokeAsync>g__Awaited|17_0(ResourceInvoker invoker, Task task, IDisposable scope)
   at Microsoft.AspNetCore.Authorization.AuthorizationMiddleware.Invoke(HttpContext context)
   at Microsoft.AspNetCore.Authentication.AuthenticationMiddleware.Invoke(HttpContext context)
   at Swashbuckle.AspNetCore.SwaggerUI.SwaggerUIMiddleware.Invoke(HttpContext httpContext)
   at Swashbuckle.AspNetCore.Swagger.SwaggerMiddleware.Invoke(HttpContext httpContext, ISwaggerProvider swaggerProvider)
   at Microsoft.AspNetCore.RateLimiting.RateLimitingMiddleware.InvokeInternal(HttpContext context, EnableRateLimitingAttribute enableRateLimitingAttribute)
   at Serilog.AspNetCore.RequestLoggingMiddleware.Invoke(HttpContext httpContext)
2026-02-28 02:25:18.584 +07:00 [ERR] (VAH.Backend.Middleware.ExceptionHandlingMiddleware) Unhandled exception for POST /api/auth/login
System.UnauthorizedAccessException: Email hoặc mật khẩu không đúng.
   at VAH.Backend.Services.AuthService.LoginAsync(LoginDto dto) in B:\1A\VAH.Backend\Services\AuthService.cs:line 59
   at VAH.Backend.Controllers.AuthController.Login(LoginDto dto) in B:\1A\VAH.Backend\Controllers\AuthController.cs:line 35
   at lambda_method519(Closure, Object)
   at Microsoft.AspNetCore.Mvc.Infrastructure.ActionMethodExecutor.AwaitableObjectResultExecutor.Execute(ActionContext actionContext, IActionResultTypeMapper mapper, ObjectMethodExecutor executor, Object controller, Object[] arguments)
   at Microsoft.AspNetCore.Mvc.Infrastructure.ControllerActionInvoker.<InvokeActionMethodAsync>g__Awaited|12_0(ControllerActionInvoker invoker, ValueTask`1 actionResultValueTask)
   at Microsoft.AspNetCore.Mvc.Infrastructure.ControllerActionInvoker.<InvokeNextActionFilterAsync>g__Awaited|10_0(ControllerActionInvoker invoker, Task lastTask, State next, Scope scope, Object state, Boolean isCompleted)
   at Microsoft.AspNetCore.Mvc.Infrastructure.ControllerActionInvoker.Rethrow(ActionExecutedContextSealed context)
   at Microsoft.AspNetCore.Mvc.Infrastructure.ControllerActionInvoker.Next(State& next, Scope& scope, Object& state, Boolean& isCompleted)
   at Microsoft.AspNetCore.Mvc.Infrastructure.ControllerActionInvoker.<InvokeInnerFilterAsync>g__Awaited|13_0(ControllerActionInvoker invoker, Task lastTask, State next, Scope scope, Object state, Boolean isCompleted)
   at Microsoft.AspNetCore.Mvc.Infrastructure.ResourceInvoker.<InvokeFilterPipelineAsync>g__Awaited|20_0(ResourceInvoker invoker, Task lastTask, State next, Scope scope, Object state, Boolean isCompleted)
   at Microsoft.AspNetCore.Mvc.Infrastructure.ResourceInvoker.<InvokeAsync>g__Awaited|17_0(ResourceInvoker invoker, Task task, IDisposable scope)
   at Microsoft.AspNetCore.Mvc.Infrastructure.ResourceInvoker.<InvokeAsync>g__Awaited|17_0(ResourceInvoker invoker, Task task, IDisposable scope)
   at Microsoft.AspNetCore.Authorization.AuthorizationMiddleware.Invoke(HttpContext context)
   at Microsoft.AspNetCore.Authentication.AuthenticationMiddleware.Invoke(HttpContext context)
   at Swashbuckle.AspNetCore.SwaggerUI.SwaggerUIMiddleware.Invoke(HttpContext httpContext)
   at Swashbuckle.AspNetCore.Swagger.SwaggerMiddleware.Invoke(HttpContext httpContext, ISwaggerProvider swaggerProvider)
   at Microsoft.AspNetCore.RateLimiting.RateLimitingMiddleware.InvokeInternal(HttpContext context, EnableRateLimitingAttribute enableRateLimitingAttribute)
   at Serilog.AspNetCore.RequestLoggingMiddleware.Invoke(HttpContext httpContext)
   at VAH.Backend.Middleware.ExceptionHandlingMiddleware.InvokeAsync(HttpContext context) in B:\1A\VAH.Backend\Middleware\ExceptionHandlingMiddleware.cs:line 30
2026-02-28 02:26:43.983 +07:00 [INF] (Serilog.AspNetCore.RequestLoggingMiddleware) HTTP GET /api/collections/2/items responded 401 in 0.867ms
2026-02-28 02:27:39.787 +07:00 [INF] (Serilog.AspNetCore.RequestLoggingMiddleware) HTTP POST /api/assets/create-link responded 200 in 16.273ms
2026-02-28 02:29:10.747 +07:00 [INF] (Serilog.AspNetCore.RequestLoggingMiddleware) HTTP POST /api/assets/create-color-group responded 200 in 3.124ms
2026-02-28 02:32:27.853 +07:00 [INF] (Serilog.AspNetCore.RequestLoggingMiddleware) HTTP GET /api/collections/2/items responded 200 in 8.110ms
2026-02-28 02:32:40.565 +07:00 [INF] (Serilog.AspNetCore.RequestLoggingMiddleware) HTTP GET /api/collections/1/items responded 200 in 2.708ms
2026-02-28 02:34:17.583 +07:00 [INF] () Starting VAH Backend...
2026-02-28 02:34:18.220 +07:00 [INF] () Using in-memory distributed cache (no Redis configured)
2026-02-28 02:34:21.662 +07:00 [INF] (Microsoft.Hosting.Lifetime) Now listening on: http://localhost:5027
2026-02-28 02:34:21.675 +07:00 [INF] (Microsoft.Hosting.Lifetime) Application started. Press Ctrl+C to shut down.
2026-02-28 02:34:21.678 +07:00 [INF] (Microsoft.Hosting.Lifetime) Hosting environment: Development
2026-02-28 02:34:21.680 +07:00 [INF] (Microsoft.Hosting.Lifetime) Content root path: B:\1A\VAH.Backend
2026-02-28 02:34:27.145 +07:00 [INF] (Serilog.AspNetCore.RequestLoggingMiddleware) HTTP POST /hubs/assets/negotiate responded 200 in 168.090ms
2026-02-28 02:34:27.145 +07:00 [INF] (Serilog.AspNetCore.RequestLoggingMiddleware) HTTP POST /hubs/assets/negotiate responded 200 in 168.091ms
2026-02-28 02:34:27.210 +07:00 [INF] (VAH.Backend.Hubs.AssetHub) SignalR: User 02fa1d67-23ab-46b0-82bf-0c67baa65978 connected (ConnectionId=qjXpTqa8JpakGlVN3C_XWQ)
2026-02-28 02:34:27.210 +07:00 [INF] (VAH.Backend.Hubs.AssetHub) SignalR: User 02fa1d67-23ab-46b0-82bf-0c67baa65978 connected (ConnectionId=knMxlEA3EFgXdMkDlKOiRA)
2026-02-28 02:34:41.890 +07:00 [INF] (VAH.Backend.Services.AuthService) User registered: test2@test.com
2026-02-28 02:34:41.955 +07:00 [INF] (Serilog.AspNetCore.RequestLoggingMiddleware) HTTP POST /api/auth/register responded 200 in 2106.399ms
2026-02-28 02:34:42.611 +07:00 [INF] (Serilog.AspNetCore.RequestLoggingMiddleware) HTTP POST /api/assets/create-link responded 200 in 543.890ms
2026-02-28 02:35:39.408 +07:00 [INF] (Serilog.AspNetCore.RequestLoggingMiddleware) HTTP POST /api/assets/create-color-group responded 200 in 121.981ms
2026-02-28 02:35:39.570 +07:00 [INF] (Serilog.AspNetCore.RequestLoggingMiddleware) HTTP POST /api/assets/create-color responded 200 in 147.313ms
2026-02-28 02:36:32.775 +07:00 [INF] (Serilog.AspNetCore.RequestLoggingMiddleware) HTTP POST /api/assets/create-color-group responded 200 in 25.640ms
2026-02-28 02:38:04.737 +07:00 [INF] (Serilog.AspNetCore.RequestLoggingMiddleware) HTTP GET /api/collections/2/items responded 401 in 15.567ms
2026-02-28 02:38:07.772 +07:00 [INF] (Serilog.AspNetCore.RequestLoggingMiddleware) HTTP GET /api/collections/2/items responded 200 in 508.800ms
2026-02-28 02:38:07.956 +07:00 [INF] (Serilog.AspNetCore.RequestLoggingMiddleware) HTTP GET /api/collections/2/items responded 401 in 4.064ms
2026-02-28 02:38:11.472 +07:00 [INF] (Serilog.AspNetCore.RequestLoggingMiddleware) HTTP GET /api/collections/2/items responded 401 in 0.606ms
2026-02-28 02:39:24.615 +07:00 [INF] (VAH.Backend.Hubs.AssetHub) SignalR: User 02fa1d67-23ab-46b0-82bf-0c67baa65978 disconnected
2026-02-28 02:39:24.635 +07:00 [WRN] (Serilog.AspNetCore.RequestLoggingMiddleware) HTTP GET /hubs/assets responded 101 in 297481.254ms
2026-02-28 02:39:24.802 +07:00 [INF] (Serilog.AspNetCore.RequestLoggingMiddleware) HTTP GET /api/Collections/3/items responded 200 in 103.954ms
2026-02-28 02:39:24.810 +07:00 [INF] (Serilog.AspNetCore.RequestLoggingMiddleware) HTTP GET /api/Tags responded 200 in 152.292ms
2026-02-28 02:39:25.348 +07:00 [INF] (Serilog.AspNetCore.RequestLoggingMiddleware) HTTP GET /api/SmartCollections responded 200 in 592.223ms
2026-02-28 02:40:35.084 +07:00 [INF] (Serilog.AspNetCore.RequestLoggingMiddleware) HTTP POST /hubs/assets/negotiate responded 200 in 4.385ms
2026-02-28 02:40:35.132 +07:00 [INF] (Serilog.AspNetCore.RequestLoggingMiddleware) HTTP GET /api/Tags responded 200 in 10.163ms
2026-02-28 02:40:35.134 +07:00 [INF] (Serilog.AspNetCore.RequestLoggingMiddleware) HTTP GET /api/Collections/3/items responded 200 in 15.848ms
2026-02-28 02:40:35.134 +07:00 [INF] (Serilog.AspNetCore.RequestLoggingMiddleware) HTTP GET /api/SmartCollections responded 200 in 11.397ms
2026-02-28 02:40:35.362 +07:00 [INF] (VAH.Backend.Hubs.AssetHub) SignalR: User 02fa1d67-23ab-46b0-82bf-0c67baa65978 connected (ConnectionId=LgwkcMFmH9rz1mWTMvd0Pw)
2026-02-28 02:41:21.109 +07:00 [INF] (Serilog.AspNetCore.RequestLoggingMiddleware) HTTP GET /api/collections/3/items responded 200 in 10.934ms
2026-02-28 02:43:18.541 +07:00 [INF] (VAH.Backend.Services.AuthService) User logged in: test@test.com
2026-02-28 02:43:18.544 +07:00 [INF] (Serilog.AspNetCore.RequestLoggingMiddleware) HTTP POST /api/auth/login responded 200 in 182.711ms
2026-02-28 02:43:18.575 +07:00 [INF] (Serilog.AspNetCore.RequestLoggingMiddleware) HTTP GET /api/collections/2/items responded 200 in 9.410ms
